Arguments: 
  C:\Program Files\nodejs\node.exe C:\Users\samya\AppData\Roaming\npm\node_modules\yarn\bin\yarn.js add @typescript-eslint

PATH: 
  C:\Windows\system32;C:\Windows;C:\Windows\System32\Wbem;C:\Windows\System32\WindowsPowerShell\v1.0\;C:\Windows\System32\OpenSSH\;C:\Program Files\Git\cmd;C:\Program Files\nodejs\;C:\ProgramData\chocolatey\bin;C:\Program Files\dotnet\;%SystemRoot%\system32;%SystemRoot%;%SystemRoot%\System32\Wbem;%SYSTEMROOT%\System32\WindowsPowerShell\v1.0\;%SYSTEMROOT%\System32\OpenSSH\;C:\Users\samya\AppData\Local\Programs\Python\Python37\Scripts\;C:\Users\samya\AppData\Local\Programs\Python\Python37\;C:\Users\samya\AppData\Local\Programs\Python\Python310\Scripts\;C:\Users\samya\AppData\Local\Programs\Python\Python310\;C:\Users\samya\AppData\Local\Microsoft\WindowsApps;C:\Users\samya\.dotnet\tools;C:\Users\samya\AppData\Roaming\npm;C:\Users\samya\AppData\Local\GitHubDesktop\bin;C:\Users\samya\AppData\Local\Programs\Microsoft VS Code\bin;D:\ADB\platform-tools;

Yarn version: 
  1.22.19

Node version: 
  16.15.1

Platform: 
  win32 x64

Trace: 
  Error: https://registry.yarnpkg.com/@typescript-eslint: Request "https://registry.yarnpkg.com/@typescript-eslint" returned a 405
      at Request.params.callback [as _callback] (C:\Users\samya\AppData\Roaming\npm\node_modules\yarn\lib\cli.js:66154:18)
      at Request.self.callback (C:\Users\samya\AppData\Roaming\npm\node_modules\yarn\lib\cli.js:140890:22)
      at Request.emit (node:events:527:28)
      at Request.<anonymous> (C:\Users\samya\AppData\Roaming\npm\node_modules\yarn\lib\cli.js:141862:10)
      at Request.emit (node:events:527:28)
      at IncomingMessage.<anonymous> (C:\Users\samya\AppData\Roaming\npm\node_modules\yarn\lib\cli.js:141784:12)
      at Object.onceWrapper (node:events:641:28)
      at IncomingMessage.emit (node:events:539:35)
      at endReadableNT (node:internal/streams/readable:1345:12)
      at processTicksAndRejections (node:internal/process/task_queues:83:21)

npm manifest: 
  {
    "dependencies": {
      "@azure/storage-blob": "^12.12.0",
      "@typescript-eslint/parser": "^5.46.1",
      "azure": "^2.3.1-preview",
      "typescript": "^4.9.4",
      "uuid": "^9.0.0"
    }
  }

yarn manifest: 
  No manifest

Lockfile: 
  # THIS IS AN AUTOGENERATED FILE. DO NOT EDIT THIS FILE DIRECTLY.
  # yarn lockfile v1
  
  
  "@azure/abort-controller@^1.0.0":
    version "1.1.0"
    resolved "https://registry.yarnpkg.com/@azure/abort-controller/-/abort-controller-1.1.0.tgz#788ee78457a55af8a1ad342acb182383d2119249"
    integrity sha512-TrRLIoSQVzfAJX9H1JeFjzAoDGcoK1IYX1UImfceTZpsyYfWr09Ss1aHW1y5TrrR3iq6RZLBwJ3E24uwPhwahw==
    dependencies:
      tslib "^2.2.0"
  
  "@azure/core-auth@^1.3.0":
    version "1.4.0"
    resolved "https://registry.yarnpkg.com/@azure/core-auth/-/core-auth-1.4.0.tgz#6fa9661c1705857820dbc216df5ba5665ac36a9e"
    integrity sha512-HFrcTgmuSuukRf/EdPmqBrc5l6Q5Uu+2TbuhaKbgaCpP2TfAeiNaQPAadxO+CYBRHGUzIDteMAjFspFLDLnKVQ==
    dependencies:
      "@azure/abort-controller" "^1.0.0"
      tslib "^2.2.0"
  
  "@azure/core-http@^2.0.0":
    version "2.3.1"
    resolved "https://registry.yarnpkg.com/@azure/core-http/-/core-http-2.3.1.tgz#eed8a7d012ba8c576c557828f66af0fc4e52b23a"
    integrity sha512-cur03BUwV0Tbv81bQBOLafFB02B6G++K6F2O3IMl8pSE2QlXm3cu11bfyBNlDUKi5U+xnB3GC63ae3athhkx6Q==
    dependencies:
      "@azure/abort-controller" "^1.0.0"
      "@azure/core-auth" "^1.3.0"
      "@azure/core-tracing" "1.0.0-preview.13"
      "@azure/core-util" "^1.1.1"
      "@azure/logger" "^1.0.0"
      "@types/node-fetch" "^2.5.0"
      "@types/tunnel" "^0.0.3"
      form-data "^4.0.0"
      node-fetch "^2.6.7"
      process "^0.11.10"
      tough-cookie "^4.0.0"
      tslib "^2.2.0"
      tunnel "^0.0.6"
      uuid "^8.3.0"
      xml2js "^0.4.19"
  
  "@azure/core-lro@^2.2.0":
    version "2.4.0"
    resolved "https://registry.yarnpkg.com/@azure/core-lro/-/core-lro-2.4.0.tgz#e3fdff797b045ee753aab25c3d2ecc0aa3e0a539"
    integrity sha512-F65+rYkll1dpw3RGm8/SSiSj+/QkMeYDanzS/QKlM1dmuneVyXbO46C88V1MRHluLGdMP6qfD3vDRYALn0z0tQ==
    dependencies:
      "@azure/abort-controller" "^1.0.0"
      "@azure/logger" "^1.0.0"
      tslib "^2.2.0"
  
  "@azure/core-paging@^1.1.1":
    version "1.4.0"
    resolved "https://registry.yarnpkg.com/@azure/core-paging/-/core-paging-1.4.0.tgz#b04a73ad18149733a848c3089a5e5ed144592338"
    integrity sha512-tabFtZTg8D9XqZKEfNUOGh63SuYeOxmvH4GDcOJN+R1bZWZ1FZskctgY9Pmuwzhn+0Xvq9rmimK9hsvtLkeBsw==
    dependencies:
      tslib "^2.2.0"
  
  "@azure/core-tracing@1.0.0-preview.13":
    version "1.0.0-preview.13"
    resolved "https://registry.yarnpkg.com/@azure/core-tracing/-/core-tracing-1.0.0-preview.13.tgz#55883d40ae2042f6f1e12b17dd0c0d34c536d644"
    integrity sha512-KxDlhXyMlh2Jhj2ykX6vNEU0Vou4nHr025KoSEiz7cS3BNiHNaZcdECk/DmLkEB0as5T7b/TpRcehJ5yV6NeXQ==
    dependencies:
      "@opentelemetry/api" "^1.0.1"
      tslib "^2.2.0"
  
  "@azure/core-util@^1.1.1":
    version "1.1.1"
    resolved "https://registry.yarnpkg.com/@azure/core-util/-/core-util-1.1.1.tgz#8f87b3dd468795df0f0849d9f096c3e7b29452c1"
    integrity sha512-A4TBYVQCtHOigFb2ETiiKFDocBoI1Zk2Ui1KpI42aJSIDexF7DHQFpnjonltXAIU/ceH+1fsZAWWgvX6/AKzog==
    dependencies:
      "@azure/abort-controller" "^1.0.0"
      tslib "^2.2.0"
  
  "@azure/logger@^1.0.0":
    version "1.0.3"
    resolved "https://registry.yarnpkg.com/@azure/logger/-/logger-1.0.3.tgz#6e36704aa51be7d4a1bae24731ea580836293c96"
    integrity sha512-aK4s3Xxjrx3daZr3VylxejK3vG5ExXck5WOHDJ8in/k9AqlfIyFMMT1uG7u8mNjX+QRILTIn0/Xgschfh/dQ9g==
    dependencies:
      tslib "^2.2.0"
  
  "@azure/storage-blob@^12.12.0":
    version "12.12.0"
    resolved "https://registry.yarnpkg.com/@azure/storage-blob/-/storage-blob-12.12.0.tgz#25e277c885692d5adcd8c2a949789b2837a74c59"
    integrity sha512-o/Mf6lkyYG/eBW4/hXB9864RxVNmAkcKHjsGR6Inlp5hupa3exjSyH2KjO3tLO//YGA+tS+17hM2bxRl9Sn16g==
    dependencies:
      "@azure/abort-controller" "^1.0.0"
      "@azure/core-http" "^2.0.0"
      "@azure/core-lro" "^2.2.0"
      "@azure/core-paging" "^1.1.1"
      "@azure/core-tracing" "1.0.0-preview.13"
      "@azure/logger" "^1.0.0"
      events "^3.0.0"
      tslib "^2.2.0"
  
  "@nodelib/fs.scandir@2.1.5":
    version "2.1.5"
    resolved "https://registry.yarnpkg.com/@nodelib/fs.scandir/-/fs.scandir-2.1.5.tgz#7619c2eb21b25483f6d167548b4cfd5a7488c3d5"
    integrity sha512-vq24Bq3ym5HEQm2NKCr3yXDwjc7vTsEThRDnkp2DK9p1uqLR+DHurm/NOTo0KG7HYHU7eppKZj3MyqYuMBf62g==
    dependencies:
      "@nodelib/fs.stat" "2.0.5"
      run-parallel "^1.1.9"
  
  "@nodelib/fs.stat@2.0.5", "@nodelib/fs.stat@^2.0.2":
    version "2.0.5"
    resolved "https://registry.yarnpkg.com/@nodelib/fs.stat/-/fs.stat-2.0.5.tgz#5bd262af94e9d25bd1e71b05deed44876a222e8b"
    integrity sha512-RkhPPp2zrqDAQA/2jNhnztcPAlv64XdhIp7a7454A5ovI7Bukxgt7MX7udwAu3zg1DcpPU0rz3VV1SeaqvY4+A==
  
  "@nodelib/fs.walk@^1.2.3":
    version "1.2.8"
    resolved "https://registry.yarnpkg.com/@nodelib/fs.walk/-/fs.walk-1.2.8.tgz#e95737e8bb6746ddedf69c556953494f196fe69a"
    integrity sha512-oGB+UxlgWcgQkgwo8GcEGwemoTFt3FIO9ababBmaGwXIoBKZ+GTy0pP185beGg7Llih/NSHSV2XAs1lnznocSg==
    dependencies:
      "@nodelib/fs.scandir" "2.1.5"
      fastq "^1.6.0"
  
  "@opentelemetry/api@^1.0.1":
    version "1.3.0"
    resolved "https://registry.yarnpkg.com/@opentelemetry/api/-/api-1.3.0.tgz#27c6f776ac3c1c616651e506a89f438a0ed6a055"
    integrity sha512-YveTnGNsFFixTKJz09Oi4zYkiLT5af3WpZDu4aIUM7xX+2bHAkOJayFTVQd6zB8kkWPpbua4Ha6Ql00grdLlJQ==
  
  "@types/node-fetch@^2.5.0":
    version "2.6.2"
    resolved "https://registry.yarnpkg.com/@types/node-fetch/-/node-fetch-2.6.2.tgz#d1a9c5fd049d9415dce61571557104dec3ec81da"
    integrity sha512-DHqhlq5jeESLy19TYhLakJ07kNumXWjcDdxXsLUMJZ6ue8VZJj4kLPQVE/2mdHh3xZziNF1xppu5lwmS53HR+A==
    dependencies:
      "@types/node" "*"
      form-data "^3.0.0"
  
  "@types/node@*":
    version "18.11.16"
    resolved "https://registry.yarnpkg.com/@types/node/-/node-18.11.16.tgz#966cae211e970199559cfbd295888fca189e49af"
    integrity sha512-6T7P5bDkRhqRxrQtwj7vru+bWTpelgtcETAZEUSdq0YISKz8WKdoBukQLYQQ6DFHvU9JRsbFq0JH5C51X2ZdnA==
  
  "@types/tunnel@^0.0.3":
    version "0.0.3"
    resolved "https://registry.yarnpkg.com/@types/tunnel/-/tunnel-0.0.3.tgz#f109e730b072b3136347561fc558c9358bb8c6e9"
    integrity sha512-sOUTGn6h1SfQ+gbgqC364jLFBw2lnFqkgF3q0WovEHRLMrVD1sd5aufqi/aJObLekJO+Aq5z646U4Oxy6shXMA==
    dependencies:
      "@types/node" "*"
  
  "@typescript-eslint/parser@^5.46.1":
    version "5.46.1"
    resolved "https://registry.yarnpkg.com/@typescript-eslint/parser/-/parser-5.46.1.tgz#1fc8e7102c1141eb64276c3b89d70da8c0ba5699"
    integrity sha512-RelQ5cGypPh4ySAtfIMBzBGyrNerQcmfA1oJvPj5f+H4jI59rl9xxpn4bonC0tQvUKOEN7eGBFWxFLK3Xepneg==
    dependencies:
      "@typescript-eslint/scope-manager" "5.46.1"
      "@typescript-eslint/types" "5.46.1"
      "@typescript-eslint/typescript-estree" "5.46.1"
      debug "^4.3.4"
  
  "@typescript-eslint/scope-manager@5.46.1":
    version "5.46.1"
    resolved "https://registry.yarnpkg.com/@typescript-eslint/scope-manager/-/scope-manager-5.46.1.tgz#70af8425c79bbc1178b5a63fb51102ddf48e104a"
    integrity sha512-iOChVivo4jpwUdrJZyXSMrEIM/PvsbbDOX1y3UCKjSgWn+W89skxWaYXACQfxmIGhPVpRWK/VWPYc+bad6smIA==
    dependencies:
      "@typescript-eslint/types" "5.46.1"
      "@typescript-eslint/visitor-keys" "5.46.1"
  
  "@typescript-eslint/types@5.46.1":
    version "5.46.1"
    resolved "https://registry.yarnpkg.com/@typescript-eslint/types/-/types-5.46.1.tgz#4e9db2107b9a88441c4d5ecacde3bb7a5ebbd47e"
    integrity sha512-Z5pvlCaZgU+93ryiYUwGwLl9AQVB/PQ1TsJ9NZ/gHzZjN7g9IAn6RSDkpCV8hqTwAiaj6fmCcKSQeBPlIpW28w==
  
  "@typescript-eslint/typescript-estree@5.46.1":
    version "5.46.1"
    resolved "https://registry.yarnpkg.com/@typescript-eslint/typescript-estree/-/typescript-estree-5.46.1.tgz#5358088f98a8f9939355e0996f9c8f41c25eced2"
    integrity sha512-j9W4t67QiNp90kh5Nbr1w92wzt+toiIsaVPnEblB2Ih2U9fqBTyqV9T3pYWZBRt6QoMh/zVWP59EpuCjc4VRBg==
    dependencies:
      "@typescript-eslint/types" "5.46.1"
      "@typescript-eslint/visitor-keys" "5.46.1"
      debug "^4.3.4"
      globby "^11.1.0"
      is-glob "^4.0.3"
      semver "^7.3.7"
      tsutils "^3.21.0"
  
  "@typescript-eslint/visitor-keys@5.46.1":
    version "5.46.1"
    resolved "https://registry.yarnpkg.com/@typescript-eslint/visitor-keys/-/visitor-keys-5.46.1.tgz#126cc6fe3c0f83608b2b125c5d9daced61394242"
    integrity sha512-jczZ9noovXwy59KjRTk1OftT78pwygdcmCuBf8yMoWt/8O8l+6x2LSEze0E4TeepXK4MezW3zGSyoDRZK7Y9cg==
    dependencies:
      "@typescript-eslint/types" "5.46.1"
      eslint-visitor-keys "^3.3.0"
  
  "@xmldom/xmldom@^0.8.3":
    version "0.8.6"
    resolved "https://registry.yarnpkg.com/@xmldom/xmldom/-/xmldom-0.8.6.tgz#8a1524eb5bd5e965c1e3735476f0262469f71440"
    integrity sha512-uRjjusqpoqfmRkTaNuLJ2VohVr67Q5YwDATW3VU7PfzTj6IRaihGrYI7zckGZjxQPBIp63nfvJbM+Yu5ICh0Bg==
  
  adal-node@^0.2.2:
    version "0.2.4"
    resolved "https://registry.yarnpkg.com/adal-node/-/adal-node-0.2.4.tgz#881beed9d493b76a86706ad5c8dc6f60eff04520"
    integrity sha512-zIcvbwQFKMUtKxxj8YMHeTT1o/TPXfVNsTXVgXD8sxwV6h4AFQgK77dRciGhuEF9/Sdm3UQPJVPc/6XxrccSeA==
    dependencies:
      "@xmldom/xmldom" "^0.8.3"
      async "^2.6.3"
      axios "^0.21.1"
      date-utils "*"
      jws "3.x.x"
      underscore ">= 1.3.1"
      uuid "^3.1.0"
      xpath.js "~1.1.0"
  
  ajv@6.12.3:
    version "6.12.3"
    resolved "https://registry.yarnpkg.com/ajv/-/ajv-6.12.3.tgz#18c5af38a111ddeb4f2697bd78d68abc1cabd706"
    integrity sha512-4K0cK3L1hsqk9xIb2z9vs/XU+PGJZ9PNpJRDS9YLzmNdX6jmVPfamLvTJr0aDAusnHyCHO6MjzlkAsgtqp9teA==
    dependencies:
      fast-deep-equal "^3.1.1"
      fast-json-stable-stringify "^2.0.0"
      json-schema-traverse "^0.4.1"
      uri-js "^4.2.2"
  
  ajv@^6.12.3:
    version "6.12.6"
    resolved "https://registry.yarnpkg.com/ajv/-/ajv-6.12.6.tgz#baf5a62e802b07d977034586f8c3baf5adf26df4"
    integrity sha512-j3fVLgvTo527anyYyJOGTYJbG+vnnQYvE0m5mmkc1TK+nxAppkCLMIL0aZ4dblVCNoGShhm+kzE4ZUykBoMg4g==
    dependencies:
      fast-deep-equal "^3.1.1"
      fast-json-stable-stringify "^2.0.0"
      json-schema-traverse "^0.4.1"
      uri-js "^4.2.2"
  
  array-union@^2.1.0:
    version "2.1.0"
    resolved "https://registry.yarnpkg.com/array-union/-/array-union-2.1.0.tgz#b798420adbeb1de828d84acd8a2e23d3efe85e8d"
    integrity sha512-HGyxoOTYUyCM6stUe6EJgnd4EoewAI7zMdfqO+kGjnlZmBDz/cR5pf8r/cR4Wq60sL/p0IkcjUEEPwS3GFrIyw==
  
  asn1@~0.2.3:
    version "0.2.6"
    resolved "https://registry.yarnpkg.com/asn1/-/asn1-0.2.6.tgz#0d3a7bb6e64e02a90c0303b31f292868ea09a08d"
    integrity sha512-ix/FxPn0MDjeyJ7i/yoHGFt/EX6LyNbxSEhPPXODPL+KB0VPk86UYfL0lMdy+KCnv+fmvIzySwaK5COwqVbWTQ==
    dependencies:
      safer-buffer "~2.1.0"
  
  assert-plus@1.0.0, assert-plus@^1.0.0:
    version "1.0.0"
    resolved "https://registry.yarnpkg.com/assert-plus/-/assert-plus-1.0.0.tgz#f12e0f3c5d77b0b1cdd9146942e4e96c1e4dd525"
    integrity sha512-NfJ4UzBCcQGLDlQq7nHxH+tv3kyZ0hHQqF5BO6J7tNJeP5do1llPr8dZ8zHonfhAu0PHAdMkSo+8o0wxg9lZWw==
  
  async@^2.6.3, async@^2.6.4:
    version "2.6.4"
    resolved "https://registry.yarnpkg.com/async/-/async-2.6.4.tgz#706b7ff6084664cd7eae713f6f965433b5504221"
    integrity sha512-mzo5dfJYwAn29PeiJ0zvwTo04zj8HDJj0Mn8TD7sno7q12prdbnasKJHhkm2c1LgrhlJ0teaea8860oxi51mGA==
    dependencies:
      lodash "^4.17.14"
  
  asynckit@^0.4.0:
    version "0.4.0"
    resolved "https://registry.yarnpkg.com/asynckit/-/asynckit-0.4.0.tgz#c79ed97f7f34cb8f2ba1bc9790bcc366474b4b79"
    integrity sha512-Oei9OH4tRh0YqU3GxhX79dM/mwVgvbZJaSNaRk+bshkj0S5cfHcgYakreBjrHwatXKbz+IoIdYLxrKim2MjW0Q==
  
  aws-sign2@~0.7.0:
    version "0.7.0"
    resolved "https://registry.yarnpkg.com/aws-sign2/-/aws-sign2-0.7.0.tgz#b46e890934a9591f2d2f6f86d7e6a9f1b3fe76a8"
    integrity sha512-08kcGqnYf/YmjoRhfxyu+CLxBjUtHLXLXX/vUfx9l2LYzG3c1m61nrpyFUZI6zeS+Li/wWMMidD9KgrqtGq3mA==
  
  aws4@^1.8.0:
    version "1.11.0"
    resolved "https://registry.yarnpkg.com/aws4/-/aws4-1.11.0.tgz#d61f46d83b2519250e2784daf5b09479a8b41c59"
    integrity sha512-xh1Rl34h6Fi1DC2WWKfxUTVqRsNnr6LsKz2+hfwDxQJWmrx8+c7ylaqBMcHfl1U1r2dsifOvKX3LQuLNZ+XSvA==
  
  axios@^0.21.1:
    version "0.21.4"
    resolved "https://registry.yarnpkg.com/axios/-/axios-0.21.4.tgz#c67b90dc0568e5c1cf2b0b858c43ba28e2eda575"
    integrity sha512-ut5vewkiu8jjGBdqpM44XxjuCjq9LAKeHVmoVfHVzy8eHgxxq8SbAVQNovDA8mVi05kP0Ea/n/UzcSHcTJQfNg==
    dependencies:
      follow-redirects "^1.14.0"
  
  azure-arm-advisor@^1.1.0:
    version "1.2.0"
    resolved "https://registry.yarnpkg.com/azure-arm-advisor/-/azure-arm-advisor-1.2.0.tgz#1473bdfea5508a179be9f073e1091bf1a252bf3e"
    integrity sha512-zmdXFoKXd9t1mnOGo6KwTvb7ZQIJ+HuRGPVGck84CdZAVtpOrWR2Gh2ZwJ9l9cYl+4JkueFaV336coYsPiIVGw==
    dependencies:
      ms-rest "^2.2.2"
      ms-rest-azure "^2.3.3"
  
  azure-arm-analysisservices@^2.2.1-preview:
    version "2.3.0"
    resolved "https://registry.yarnpkg.com/azure-arm-analysisservices/-/azure-arm-analysisservices-2.3.0.tgz#bb0a76fb22fa3eafe6e4a3ebc189b99b9962a1ed"
    integrity sha512-hPi56JmxwsYrj6r+h1ZQely4wu/J43KdxI5hTPGV/HKtSh0/0zyZn5bUk9ON2nEvexdpsAiiAuoPTxoQk219nw==
    dependencies:
      ms-rest "^2.3.3"
      ms-rest-azure "^2.5.5"
  
  azure-arm-apimanagement@^2.1.1-preview:
    version "2.1.1-preview"
    resolved "https://registry.yarnpkg.com/azure-arm-apimanagement/-/azure-arm-apimanagement-2.1.1-preview.tgz#a836e6e19819806d77b9c06a2be1b9d4165ce46a"
    integrity sha512-Q5Q+yaTiHshyJXnfy/PxCFHLiEKXlZozR+QM/OrVhp7PT4NOTAFhsDnHFxEIMLOC6uHbiWb1aQ7nOnVD6rcdwQ==
    dependencies:
      ms-rest "^2.3.2"
      ms-rest-azure "^2.5.5"
  
  azure-arm-appinsights@^1.2.1-preview:
    version "1.2.1-preview"
    resolved "https://registry.yarnpkg.com/azure-arm-appinsights/-/azure-arm-appinsights-1.2.1-preview.tgz#4ee89f568f83675d685e0a6391f850596a12d6e7"
    integrity sha512-3SQ4UDo1TStfM0Guu/oC3nYEihNH+qIB5sTP1e3OdVeSp4GRsRBRdQXTsPrDzaJGHcjo3M96chWhBpbuDIMGQQ==
    dependencies:
      ms-rest "^2.3.2"
      ms-rest-azure "^2.5.5"
  
  azure-arm-authorization@^5.0.0:
    version "5.0.0"
    resolved "https://registry.yarnpkg.com/azure-arm-authorization/-/azure-arm-authorization-5.0.0.tgz#f729e738ab15a1481cfa89eddb245fa932b57ef8"
    integrity sha512-DD+AS3Zg0TxyHbxo3Aa5/VAauoxYLUWvdCE57VCCzaUCPlxcCf4XxKN34YNayMO+4cuNk3WOOGATQdwbhvdoEA==
    dependencies:
      ms-rest "^2.3.2"
      ms-rest-azure "^2.5.5"
  
  azure-arm-automation@^4.0.0-preview:
    version "4.0.0-preview"
    resolved "https://registry.yarnpkg.com/azure-arm-automation/-/azure-arm-automation-4.0.0-preview.tgz#3d0de516147227719ca091a412f3d8d41d51c3f2"
    integrity sha512-hnmIxxMcvJ2VSFTlQ8OEq51/hhOXjM/c5V9qbtPMjuzG3E4er5qNE777wjpPrfhW8ZQ7U0Tvu6EMpRS1gs/Mhg==
    dependencies:
      ms-rest "^2.3.2"
      ms-rest-azure "^2.5.5"
  
  azure-arm-batch@^3.1.0:
    version "3.2.0"
    resolved "https://registry.yarnpkg.com/azure-arm-batch/-/azure-arm-batch-3.2.0.tgz#b0096324c8d58f04aa22cf1521625a88e90e310a"
    integrity sha512-DDfgAiRruGAiL8Yot5nufG3O8GLA0r5lf1CGYhuF8pEzQ+vYfhLpgJzme7LPh3ASPb8UBSVYHm1IK4W4StvVnw==
    dependencies:
      ms-rest "^2.3.3"
      ms-rest-azure "^2.5.5"
  
  azure-arm-billing@^2.1.0:
    version "2.2.0"
    resolved "https://registry.yarnpkg.com/azure-arm-billing/-/azure-arm-billing-2.2.0.tgz#7b4921d7a3585b46d78319ff17e86dc2571d4717"
    integrity sha512-TPxEquzJ1c2E34m4SLL8i8M2Yn/cQF5Q2D7JF6cZNOEAYQsdCN0K+Yaw9js21GV5M1mA55JNHkSdLWb/EME4jQ==
    dependencies:
      ms-rest "^2.3.2"
      ms-rest-azure "^2.5.5"
  
  azure-arm-cdn@^4.0.1:
    version "4.2.0"
    resolved "https://registry.yarnpkg.com/azure-arm-cdn/-/azure-arm-cdn-4.2.0.tgz#f77af6f4ea3c45eaf574aa9d36ef8f207b329c2d"
    integrity sha512-DkpLntvqHtCLbf7p/qqLS0eJluZtsb8gU65deJYiMz4OFQco+InP9giCVnY8gElW3QbMaqKyHOJCDK7NllKMoA==
    dependencies:
      ms-rest "^2.5.0"
      ms-rest-azure "^2.5.5"
  
  azure-arm-cognitiveservices@^2.1.0:
    version "2.4.1"
    resolved "https://registry.yarnpkg.com/azure-arm-cognitiveservices/-/azure-arm-cognitiveservices-2.4.1.tgz#a790009e9d0cc1d0fb774e5746c753e9d076a3c7"
    integrity sha512-fwxii7QjYbeHhB7hwhGQ7mxpqqZNOtyp4lTr0cM+COqNCuXCpt13fbwp16NoH5yTixh8HSh91qo31dfe4Rx4oQ==
    dependencies:
      ms-rest "^2.3.3"
      ms-rest-azure "^2.5.5"
  
  azure-arm-commerce@^2.0.0:
    version "2.1.0"
    resolved "https://registry.yarnpkg.com/azure-arm-commerce/-/azure-arm-commerce-2.1.0.tgz#6c11ac2470b7127e1cf05a8c2af9930541226696"
    integrity sha512-zhZ9b1Comp1Owa8/Pn7ORTL0l+uX9elz5A5yOoL/XdYXC8S6bN2QaiRLPmue9ZB55qGE1Tn7Cf+KRlpskL17hQ==
    dependencies:
      ms-rest "^2.3.2"
      ms-rest-azure "^2.5.5"
  
  azure-arm-compute@^5.1.1:
    version "5.1.1"
    resolved "https://registry.yarnpkg.com/azure-arm-compute/-/azure-arm-compute-5.1.1.tgz#1ade9ab4492129a8752a215afd63f2fa79650ab4"
    integrity sha512-aO9/4xD84q5AqfPWPtIrZE+R3O2bZBZ54APKJsQk/WrFawJwXvROhYzaK/k4nm8girNejErFnTjUTOnw62RiXg==
    dependencies:
      ms-rest "^2.3.2"
      ms-rest-azure "^2.5.5"
  
  azure-arm-consumption@^4.0.0:
    version "4.0.0"
    resolved "https://registry.yarnpkg.com/azure-arm-consumption/-/azure-arm-consumption-4.0.0.tgz#a112629b0f807942c308c10aa8b71415516b21bd"
    integrity sha512-SEktTAcv5JAuHoiadY8bbvw4Gnqcc2JUQ1Mr14yvTkxxv6cm2tDaQd22yymuOvzBH4Pym4TliNPcWy94TE7uNw==
    dependencies:
      ms-rest "^2.3.2"
      ms-rest-azure "^2.5.5"
  
  azure-arm-containerinstance@^2.0.0:
    version "2.0.0"
    resolved "https://registry.yarnpkg.com/azure-arm-containerinstance/-/azure-arm-containerinstance-2.0.0.tgz#95c062e366323c24136bd5dcd2c7f9bf45e5703b"
    integrity sha512-g12u5jbIoOM4wiNdC979jWeNDQxYRmHEzLD23ouIIWSp0mJ+xuWftrUa8qWVj6akZ97CNYpExZ4RBLZZmmEQvQ==
    dependencies:
      ms-rest "^2.3.2"
      ms-rest-azure "^2.5.5"
  
  azure-arm-containerregistry@^2.2.0:
    version "2.4.1"
    resolved "https://registry.yarnpkg.com/azure-arm-containerregistry/-/azure-arm-containerregistry-2.4.1.tgz#8478702374b73b019dfbeba5e3cd5c1b19819e6f"
    integrity sha512-Qu4mEG0nVTmGY4081dERyrwxrc8SyNW7HxkWyuaklwnZKabRFv9vLe+Wg2tiwThx0T9b/t4WvWm6XNQaL2olMw==
    dependencies:
      ms-rest "^2.3.3"
      ms-rest-azure "^2.5.5"
  
  azure-arm-containerservice@^2.0.0:
    version "2.0.0"
    resolved "https://registry.yarnpkg.com/azure-arm-containerservice/-/azure-arm-containerservice-2.0.0.tgz#327eb6cea3fe427a285ea78c0bb1f30a4297317c"
    integrity sha512-MvbmSM5LpXOfkHvp+1NOCyiz0n2eyj4v3MmA7vagEf6pAaChbkfShxwO2ShS7gaw69wZHoNa0eWH4x/fUWJiew==
    dependencies:
      ms-rest "^2.3.2"
      ms-rest-azure "^2.5.5"
  
  azure-arm-cosmosdb@^1.1.2:
    version "1.1.2"
    resolved "https://registry.yarnpkg.com/azure-arm-cosmosdb/-/azure-arm-cosmosdb-1.1.2.tgz#deae44b4bfcebe835102c4212f841941ab765cc4"
    integrity sha512-NdjUeSoNzV2Ljajomy7mQW8WrbysGg6jPpTGztlpyLgGCBFMO9llvzKCoRTNMs9Van50lrJrmcbhbJNFn3PPjw==
    dependencies:
      ms-rest "^2.3.2"
      ms-rest-azure "^2.5.5"
  
  azure-arm-customerinsights@^3.0.0:
    version "3.1.0"
    resolved "https://registry.yarnpkg.com/azure-arm-customerinsights/-/azure-arm-customerinsights-3.1.0.tgz#b6aa9f84c72b1b5ab64415b91833ba71f8dd7268"
    integrity sha512-iiBC6eRhv7mUw674wct+af5BIhOOcqb4e6E7hxwBv/ko5AwAi9yrOYQfRII0QunkwlCGFORcfnazh1Uk+19bQA==
    dependencies:
      ms-rest "^2.3.2"
      ms-rest-azure "^2.5.5"
  
  azure-arm-datafactory@^2.0.1:
    version "2.1.0"
    resolved "https://registry.yarnpkg.com/azure-arm-datafactory/-/azure-arm-datafactory-2.1.0.tgz#f259a4675a16d7411f0cbb180cefb94b75e1854f"
    integrity sha512-w/MtwhMBSu1EhhdTwwX3QnFQbE1c8ZUrofDq4jhOuL83belqxr89wzxRfz24Gbmi+Sn0K5RsqmM41y74y7pm9g==
    dependencies:
      ms-rest "^2.3.3"
      ms-rest-azure "^2.5.5"
  
  azure-arm-datalake-analytics@^3.0.0-preview:
    version "3.0.0-preview"
    resolved "https://registry.yarnpkg.com/azure-arm-datalake-analytics/-/azure-arm-datalake-analytics-3.0.0-preview.tgz#7aef858bb39247e05ccbac9510962a188a00de12"
    integrity sha512-P5zt3SFGlsfIJqDkUDfZ4a/bntZczIw2k4PfP6ONLxWEUGMpN1axc/UMCllrT7sFMDYaD0fCa80LDwD7SsGzXg==
    dependencies:
      ms-rest "^2.2.2"
      ms-rest-azure "^2.3.3"
  
  azure-arm-datalake-store@^3.0.0-preview:
    version "3.0.0-preview"
    resolved "https://registry.yarnpkg.com/azure-arm-datalake-store/-/azure-arm-datalake-store-3.0.0-preview.tgz#6428429e312b5ffd813758ea209a00ccc4bc308c"
    integrity sha512-wP23AuH6+fWD6l6OCbc+wwkNXQgzxC41qY8AKhbrl0x9bd1UU4GmCGxdUb8rES8dgjdoAee0g+FbWzXuzyK47w==
    dependencies:
      ms-rest "^2.2.2"
      ms-rest-azure "^2.3.3"
  
  azure-arm-devtestlabs@^2.1.1:
    version "2.1.1"
    resolved "https://registry.yarnpkg.com/azure-arm-devtestlabs/-/azure-arm-devtestlabs-2.1.1.tgz#527be001d08370cef204b88a43a0f90da04704aa"
    integrity sha512-S5dCYTMrqL+BJc699fIQtXwLFuv5m8jTDqPdXTFpn/CSkyBcOyJwuZH2zPExQjGNZTyjIR6GWi8oeg/IpYLBWw==
    dependencies:
      ms-rest "^2.3.2"
      ms-rest-azure "^2.5.5"
  
  azure-arm-dns@^2.1.0:
    version "2.1.0"
    resolved "https://registry.yarnpkg.com/azure-arm-dns/-/azure-arm-dns-2.1.0.tgz#8ef9f7f01509f79dfb9506300746dc6bb2b7e340"
    integrity sha512-/y0tOM9qNijPYqB381JFYiEyfF+L5B8z+F8JS1OMV1JXIb45vZKXeoe82ZNMZ5g38Vme3uAblxpvp5OtIcvW6Q==
    dependencies:
      ms-rest "^2.3.2"
      ms-rest-azure "^2.5.5"
  
  azure-arm-domainservices@^1.1.0:
    version "1.1.0"
    resolved "https://registry.yarnpkg.com/azure-arm-domainservices/-/azure-arm-domainservices-1.1.0.tgz#852963c136a2070510b41460ef75d4f8e455f7de"
    integrity sha512-aaCLwjWljcEJzgMfwmwHask7g1F+6T2FfB5oGYCvLI4r97+XnaXYsS1NZDzJupBkBA0HUdH+el30gyrdyP25NA==
    dependencies:
      ms-rest "^2.3.2"
      ms-rest-azure "^2.5.5"
  
  azure-arm-eventgrid@^1.3.0:
    version "1.5.0"
    resolved "https://registry.yarnpkg.com/azure-arm-eventgrid/-/azure-arm-eventgrid-1.5.0.tgz#f786eb61885aed5c86aa37807d5c98829ec27320"
    integrity sha512-5gxyByhoE54dkAWgjy9k3mG4HmiHXkbUExEIU9CvkHa5iMkQUZFYvDOMA3B9TjYkmDPH8omv5n9ac/KMZ5V4ZQ==
    dependencies:
      ms-rest "^2.3.3"
      ms-rest-azure "^2.5.5"
  
  azure-arm-eventhub@^1.3.0:
    version "1.3.0"
    resolved "https://registry.yarnpkg.com/azure-arm-eventhub/-/azure-arm-eventhub-1.3.0.tgz#75626239352b3c689d98de84d69d8dd85fa8622d"
    integrity sha512-FyOXlXm6MuaIsJLCAHmyDUQwHU9Y2ztJTUnAHaXXZWAwy3YlvxNo6tbLXbrFvCjiGmyunW0kK+uNFtmQcFbX7Q==
    dependencies:
      ms-rest "^2.3.2"
      ms-rest-azure "^2.5.5"
  
  azure-arm-hdinsight-jobs@^0.1.1:
    version "0.1.1"
    resolved "https://registry.yarnpkg.com/azure-arm-hdinsight-jobs/-/azure-arm-hdinsight-jobs-0.1.1.tgz#79ad1e2b5d96f723a3e4afc3a888f812efa29418"
    integrity sha512-T0DZdhu+64aHDEX7MMXAzDa59nY5dZHDAeRp6xzSioAtPoQINppaO9cSpD8hSuHhHzec+pnxf/bB/Ik53uQQBg==
    dependencies:
      azure-common "^0.9.18"
      underscore "1.4.x"
  
  azure-arm-hdinsight@^0.3.0:
    version "0.3.0"
    resolved "https://registry.yarnpkg.com/azure-arm-hdinsight/-/azure-arm-hdinsight-0.3.0.tgz#e695cf09c6ea63635e595fa6a957a703ea252a35"
    integrity sha512-1lJaqHN9kGW/BO/WfE+OTrlr5FJ8tsa+TdT160Y2OfntHTZxIDLkMHK2JdHMMIlEAf73v4Q3zM9AIFjq94hA1A==
    dependencies:
      ms-rest "^2.3.3"
      ms-rest-azure "^2.5.5"
  
  azure-arm-iothub@^1.1.0-preview:
    version "1.1.0-preview"
    resolved "https://registry.yarnpkg.com/azure-arm-iothub/-/azure-arm-iothub-1.1.0-preview.tgz#29dbe6c7efd6f7e0078a9056145a4e8db4920acc"
    integrity sha512-8Iq7zmRkncZ2Xmg7bI2cMWtEbOJI2qyrohai+0FGQK5bkzJowse5+HqNulTodpM9SMPnnZGWvHS5KzAQ0uyu1A==
    dependencies:
      ms-rest "^2.2.2"
      ms-rest-azure "^2.3.3"
  
  azure-arm-keyvault@^1.1.2-preview:
    version "1.2.0"
    resolved "https://registry.yarnpkg.com/azure-arm-keyvault/-/azure-arm-keyvault-1.2.0.tgz#a6daf09f2cfa945794f7fc932fd28a5271e6821b"
    integrity sha512-P1QgUHTSpKvko/mX2u7LDPf5yYinTOtIvMHJeZluQGTSRToMF9mBKqt1TKEzaHyS0eQDErDoLHyBSs7D9E1Qaw==
    dependencies:
      ms-rest "^2.3.3"
      ms-rest-azure "^2.5.5"
  
  azure-arm-logic@^1.1.0-preview:
    version "1.1.0-preview"
    resolved "https://registry.yarnpkg.com/azure-arm-logic/-/azure-arm-logic-1.1.0-preview.tgz#82497adb15fd12eef19f9426c8d864dda4d2a9d5"
    integrity sha512-m2s0HnVka+8GgBx+x6Zk2C7KkDa65/lM54HzQi4OArOXWm9kPdlxmu81uWi7A759YER3/9pkTGu+p/AiP3MQbQ==
    dependencies:
      ms-rest "^2.2.2"
      ms-rest-azure "^2.3.3"
  
  azure-arm-machinelearning@^1.1.0-preview:
    version "1.1.0-preview"
    resolved "https://registry.yarnpkg.com/azure-arm-machinelearning/-/azure-arm-machinelearning-1.1.0-preview.tgz#006eaa66d4f3f2611ff2e7df227626ea3c87a2ea"
    integrity sha512-4aWVrzh6BL9IQlu5FeuZE2oVAht6mHL2DBRfsgGqgP1pePhtHvBZpJ6IHHzyHI16sEh+/V0DExJaIria9+ASbQ==
    dependencies:
      ms-rest "^2.2.2"
      ms-rest-azure "^2.3.3"
  
  azure-arm-machinelearningcompute@^1.0.0-preview:
    version "1.0.0-preview"
    resolved "https://registry.yarnpkg.com/azure-arm-machinelearningcompute/-/azure-arm-machinelearningcompute-1.0.0-preview.tgz#a7547d98da7decad0d12b697c69a65b1b992131b"
    integrity sha512-WtomhMTd+relHxAQ0UtSqDPE4EUSEEbSpSuoPHcI7XikPnoyUAviAELwllNh3PAyk7+pAsLcUP6yr0PNInh68w==
    dependencies:
      ms-rest "^2.2.2"
      ms-rest-azure "^2.3.3"
  
  azure-arm-marketplaceordering@^1.1.0-preview:
    version "1.3.1"
    resolved "https://registry.yarnpkg.com/azure-arm-marketplaceordering/-/azure-arm-marketplaceordering-1.3.1.tgz#7737b100307d4ec96bf731995df4525c6db43c54"
    integrity sha512-+Q++u/LtJasTR64bf6M2iwa4lswHg2vPPW2H6oQ3/tjpZTNpo52PmkOzNsMWWK0m4BBZqbRfFl3dLdco+f5QSA==
    dependencies:
      ms-rest "^2.5.0"
      ms-rest-azure "^2.5.5"
  
  azure-arm-mediaservices@^2.0.0:
    version "2.0.0"
    resolved "https://registry.yarnpkg.com/azure-arm-mediaservices/-/azure-arm-mediaservices-2.0.0.tgz#4eccf164e7b2ff0527dad4b0da626b66d0869e02"
    integrity sha512-YO2TJyuK9LdJLLO5aMmQEDPEKgjDpOiVjWZOKKPP9FJkA+bKsCP4A30kAgMtTqg+Ckzp/xTuRIkhkR0E7zoymQ==
    dependencies:
      ms-rest "^2.3.3"
      ms-rest-azure "^2.5.5"
  
  azure-arm-mobileengagement@^1.0.0-preview:
    version "1.0.0-preview"
    resolved "https://registry.yarnpkg.com/azure-arm-mobileengagement/-/azure-arm-mobileengagement-1.0.0-preview.tgz#313a77bb007ecb5994bacfc8c507893d35c6dea5"
    integrity sha512-7OSnyT6CMd9RLeo3khdy/7VFrkadig73Z6lgri3w0V7ljtFc7RE0pUBfiMiZCPDmZMUz7NdE2ZtOrfDpOwOG9A==
    dependencies:
      ms-rest "^2.2.2"
      ms-rest-azure "^2.3.3"
  
  azure-arm-monitor@^2.0.0-preview:
    version "2.0.0-preview"
    resolved "https://registry.yarnpkg.com/azure-arm-monitor/-/azure-arm-monitor-2.0.0-preview.tgz#ed132c73fd467f966f575a8c0b2d4a71e420f0f4"
    integrity sha512-V516OQOm2lvt9UsD4wdbI1PMWM0dhV5grt9Al5LAje6h2qyTG9UJyGszx9MnaY1hqXI9lR8wPg6Gy7YXcM+lag==
    dependencies:
      ms-rest "^2.3.3"
      ms-rest-azure "^2.5.5"
  
  azure-arm-mysql@^3.0.0:
    version "3.2.0"
    resolved "https://registry.yarnpkg.com/azure-arm-mysql/-/azure-arm-mysql-3.2.0.tgz#033a0ccedda70af87401f1a872c6466b5edab6ee"
    integrity sha512-L/KbAggszefQGNvmPm3f98lRm9ZVAqbqTZNSYb59Bxr3xiZsdkOwPbl7rK9/cD4mxhc9czS1kbZ8HbvbupMd/A==
    dependencies:
      ms-rest "^2.3.3"
      ms-rest-azure "^2.5.5"
  
  azure-arm-network@^5.3.0:
    version "5.3.0"
    resolved "https://registry.yarnpkg.com/azure-arm-network/-/azure-arm-network-5.3.0.tgz#f776f9f5e2eef26a2ca8181cacc39c991cff08e2"
    integrity sha512-juitxBWofPBZ+kcmLB8OjW5qPD6+/Ncdq86WjDTIUcH+cyb/GWktdDymv6adbOyz4xZ9/wbThFL7AHgq8cHBig==
    dependencies:
      ms-rest "^2.3.2"
      ms-rest-azure "^2.5.5"
  
  azure-arm-notificationhubs@^1.1.0:
    version "1.2.0"
    resolved "https://registry.yarnpkg.com/azure-arm-notificationhubs/-/azure-arm-notificationhubs-1.2.0.tgz#5b37f8a40fa60f9f9e26c6c0f3c5d4459a1ae20a"
    integrity sha512-E+Q87JfzYxMJhuqbdlt3Gzuwfc0/55gXyI+BYAVTtiIsZeGRUigVF1dpP09ye6uV2FcoF+OZXJ3pXj6jyOrxCQ==
    dependencies:
      ms-rest "^2.2.2"
      ms-rest-azure "^2.3.3"
  
  azure-arm-operationalinsights@^1.1.0:
    version "1.2.0"
    resolved "https://registry.yarnpkg.com/azure-arm-operationalinsights/-/azure-arm-operationalinsights-1.2.0.tgz#d9f9182fe44ae54afa950def9632ca538928c986"
    integrity sha512-aG3ksWfqMWjCQu1GNboni7mTdPjXKUdvrI1WQ5IOiah0ZO2S6J14iOwipLZnyvHcRyyJmIHqm0VR7CMvo2kOxQ==
    dependencies:
      ms-rest "^2.3.3"
      ms-rest-azure "^2.5.5"
  
  azure-arm-operations@^1.0.0-preview:
    version "1.0.0-preview"
    resolved "https://registry.yarnpkg.com/azure-arm-operations/-/azure-arm-operations-1.0.0-preview.tgz#737197a9e6aecc018f0416621145854cc1c9fafc"
    integrity sha512-FD3Ernrr4btqqdsamt2jFarqadeDyYsnnltyCLEHdfAz4v5eQR6R7trdPV19DEFaYo+RFSnKTIIY8hBLlrarRg==
    dependencies:
      ms-rest "^2.2.2"
      ms-rest-azure "^2.3.3"
  
  azure-arm-postgresql@^4.0.0:
    version "4.3.0"
    resolved "https://registry.yarnpkg.com/azure-arm-postgresql/-/azure-arm-postgresql-4.3.0.tgz#464bacfaf5afceba8de4032f4997582a1150de27"
    integrity sha512-x4S5GaSJ2MRUntpnDipIPJxA2XuAQ5qUTbgGRVt05shyOg29k3s8gleyveqd3oWKPWaGoW3Nf/kBj6RE2B3v/Q==
    dependencies:
      ms-rest "^2.5.0"
      ms-rest-azure "^2.5.5"
  
  azure-arm-powerbiembedded@^1.1.0-preview:
    version "1.1.0-preview"
    resolved "https://registry.yarnpkg.com/azure-arm-powerbiembedded/-/azure-arm-powerbiembedded-1.1.0-preview.tgz#c6a66ae2a810f39508b6d6022f905650bbb709ea"
    integrity sha512-xW3pk1BP4D1/sCrArtGVQXlMHmW7OOY53fQF9v74miiYo9ydGqpzt2F+8xvtp/5Jxo7+qCB0rrUyoMvO9/EQjA==
    dependencies:
      ms-rest "^2.2.2"
      ms-rest-azure "^2.3.3"
  
  azure-arm-recoveryservices-siterecovery@^2.0.0-preview:
    version "2.0.0-preview"
    resolved "https://registry.yarnpkg.com/azure-arm-recoveryservices-siterecovery/-/azure-arm-recoveryservices-siterecovery-2.0.0-preview.tgz#afb6235f2ae617e99fbf2ac8c1d5c1c366a13cdd"
    integrity sha512-k9YUIXMGMhevqwgGgVoPexZwlCUZfjh1BpLJ4vkY/wOExkEVU3ErId6gCjh7iaidMO/3x45gxftfKUgERoRx1w==
    dependencies:
      ms-rest "^2.3.0"
      ms-rest-azure "^2.5.0"
  
  azure-arm-recoveryservices@^2.0.1-preview:
    version "2.0.1-preview"
    resolved "https://registry.yarnpkg.com/azure-arm-recoveryservices/-/azure-arm-recoveryservices-2.0.1-preview.tgz#3a5bd61b9f84c373c4593ea951f16097e1716117"
    integrity sha512-No1uY9BgohXvOPnnFSqaRkXTpeU+F2xYrxltfHLCPw942VZz6L9xGg87hR6YO0NgyDDK/+hodUa+uGmtezptyw==
    dependencies:
      ms-rest "^2.3.0"
      ms-rest-azure "^2.5.0"
  
  azure-arm-recoveryservicesbackup@^2.0.1-preview:
    version "2.0.1-preview"
    resolved "https://registry.yarnpkg.com/azure-arm-recoveryservicesbackup/-/azure-arm-recoveryservicesbackup-2.0.1-preview.tgz#6f880f57e11688e80932019a820c4370447bde1f"
    integrity sha512-9mvuFavP8h9U7JJ0jgJHlRtxMUlGWiqYMkqD+9QTpxnn/kjSZAulma32fcGq0Ej721LGSOVRnCRiimji8Y/DBg==
    dependencies:
      ms-rest "^2.3.0"
      ms-rest-azure "^2.5.0"
  
  azure-arm-rediscache@^2.0.0-preview:
    version "2.0.0-preview"
    resolved "https://registry.yarnpkg.com/azure-arm-rediscache/-/azure-arm-rediscache-2.0.0-preview.tgz#342736f4d4e26b9c6b1fa10ad497f2a73f37580a"
    integrity sha512-KiHEO52uKwwVmVMZwOhjRVj67GHzLMCq0Bt2VIadX2+natHge/OR+sh6Axb9DwJUOkvNstPWvFDzuLQDYDGWNg==
    dependencies:
      ms-rest "^2.2.2"
      ms-rest-azure "^2.3.3"
  
  azure-arm-relay@^2.0.0-preview:
    version "2.0.0-preview"
    resolved "https://registry.yarnpkg.com/azure-arm-relay/-/azure-arm-relay-2.0.0-preview.tgz#b7b00e54d1b316fcc8f022071df7d3b1f8212a8e"
    integrity sha512-fK3NAkw0anv6VrAIt1+xtcE0le4n1t+acNMAPTD7cSL3hpLzRrb9H0PNTNa2rxKjqr8f5lp3P5XC93dTniJkmw==
    dependencies:
      ms-rest "^2.2.2"
      ms-rest-azure "^2.3.3"
  
  azure-arm-resource@^3.1.1-preview:
    version "3.1.1-preview"
    resolved "https://registry.yarnpkg.com/azure-arm-resource/-/azure-arm-resource-3.1.1-preview.tgz#2ca099a9dce2e3e5ff120713343824f26e99bf54"
    integrity sha512-01/t+0aDxcvEoAk+EOgMdZwi6DdCFN+iQM5CBaMhNg9DBoztrfRIpOz0OR4QUCynmcyCpl52CZN0Pho36mQiHA==
    dependencies:
      ms-rest "^2.3.0"
      ms-rest-azure "^2.5.0"
  
  azure-arm-resourcehealth@^1.0.0-preview:
    version "1.1.0"
    resolved "https://registry.yarnpkg.com/azure-arm-resourcehealth/-/azure-arm-resourcehealth-1.1.0.tgz#41934885df9be1515ce7da63f25ac4ed0fc003e4"
    integrity sha512-MuiNs49eo2X5ouV/ymAmf1eZ9xfKFfrMGR4gsvT95F4Hl746We5ULZIZYa9StFssY9pH6vX1zr/djqRXODbIZA==
    dependencies:
      ms-rest "^2.3.3"
      ms-rest-azure "^2.5.5"
  
  azure-arm-sb@^2.2.0-preview:
    version "2.6.0"
    resolved "https://registry.yarnpkg.com/azure-arm-sb/-/azure-arm-sb-2.6.0.tgz#cdd5588495d4d35f9e5ab533cdae1a4de612a6a2"
    integrity sha512-U8LhBF545Kz7opAzLvBqGlhJVi1eVF3zjy3N6TZNlP9cdqOlSo0GVY38sp2mj4tcu78+rBSZEzBIeg2r7qhRKw==
    dependencies:
      ms-rest "^2.3.3"
      ms-rest-azure "^2.5.5"
  
  azure-arm-scheduler@^1.2.0-preview:
    version "1.2.0-preview"
    resolved "https://registry.yarnpkg.com/azure-arm-scheduler/-/azure-arm-scheduler-1.2.0-preview.tgz#0d47f1ee7cd8cd60eae3b24ace14266b8c0f2211"
    integrity sha512-1dhz9VpKwuopVGbiom4sk/wo0S/undlcWnFwIrnoHkOXtz317TQ3EXnXUsfTFizTyRcMwKLW5Qb9hZ8PNphUCg==
    dependencies:
      ms-rest "^2.2.2"
      ms-rest-azure "^2.3.3"
  
  azure-arm-search@^1.1.0-preview:
    version "1.1.0-preview"
    resolved "https://registry.yarnpkg.com/azure-arm-search/-/azure-arm-search-1.1.0-preview.tgz#4fc6bb33bb25bdfccb759c6ee3596ed925cdd178"
    integrity sha512-iV+HbLXwBRPWg7/zIrMjc/MBTgKHLqixYl+9WS2FLI3tY6HBZtuu+ERvBVgJw9SIAymzl+IL4PB/LEut6He35g==
    dependencies:
      ms-rest "^2.0.0"
      ms-rest-azure "^2.0.0"
  
  azure-arm-servermanagement@^1.1.0:
    version "1.1.0"
    resolved "https://registry.yarnpkg.com/azure-arm-servermanagement/-/azure-arm-servermanagement-1.1.0.tgz#bda4cd95db6ce362629efcb7dba472c1a3f968f1"
    integrity sha512-GlPXPD5Up2U6Qxv40ScC/+7WRcVVYQf7EHUSomD385o/MuyJAjM6CxBS8fPKwkZR5MRSd60p6kBo5AQ+bwfpeA==
    dependencies:
      ms-rest "^2.2.2"
      ms-rest-azure "^2.3.3"
  
  azure-arm-servicefabric@^2.0.0-preview:
    version "2.0.0-preview"
    resolved "https://registry.yarnpkg.com/azure-arm-servicefabric/-/azure-arm-servicefabric-2.0.0-preview.tgz#7a5343c28b57c32d392dc8e7cc46ae6ed33c1ee1"
    integrity sha512-5q9J4rAkXY8ZNStY9SN5uF2paMkdl3SOWDM6fgWASPthM9p6G5lMsDRI/o8ZwUc60u2omeHMJrI6aKAanQ98RQ==
    dependencies:
      ms-rest "^2.2.2"
      ms-rest-azure "^2.3.3"
  
  azure-arm-servicemap@^2.0.0:
    version "2.1.0"
    resolved "https://registry.yarnpkg.com/azure-arm-servicemap/-/azure-arm-servicemap-2.1.0.tgz#e4125e43c38917a8cde1d65cc7a5074f147b3c06"
    integrity sha512-O3IJsm9tRfv4x5fUofxz46gBQ5MUzN40OB7oS82Sbnq/o/ZroxdJROwel47uGgpAgftqh7c15i8tL6sUFnV2Lg==
    dependencies:
      ms-rest "^2.3.3"
      ms-rest-azure "^2.5.5"
  
  azure-arm-sql@^3.0.0:
    version "3.0.0"
    resolved "https://registry.yarnpkg.com/azure-arm-sql/-/azure-arm-sql-3.0.0.tgz#098399626d408e6ebf727fe344b6964436f7b2a6"
    integrity sha512-Fs9BUA3sGIfWJtulZNaiFHAbG7ipYliUz3xBN6K5RH2OGltYMNVE4Dofzdq726cY0nXMnjfzMhipdXqmJKdAjQ==
    dependencies:
      ms-rest "^2.3.3"
      ms-rest-azure "^2.5.5"
  
  azure-arm-storage@^5.0.0:
    version "5.2.0"
    resolved "https://registry.yarnpkg.com/azure-arm-storage/-/azure-arm-storage-5.2.0.tgz#2fc76287bf15d5803317331a56761132fe8e63b4"
    integrity sha512-BVFUPi48eJNJFP4ryQ3BwNRlKRNuAA7cZeSxCvr6dGEP+wrd1Ixmb2MlvoMRjgjcEOVnhP4t2YQyHcHNqQsH9A==
    dependencies:
      ms-rest "^2.3.3"
      ms-rest-azure "^2.5.5"
  
  azure-arm-storageimportexport@^1.1.0:
    version "1.2.0"
    resolved "https://registry.yarnpkg.com/azure-arm-storageimportexport/-/azure-arm-storageimportexport-1.2.0.tgz#9f881cc4aa1e00aeb19b12d516226e7177fe8384"
    integrity sha512-azr97LXRY1zkyYx7OX54fjLOYCXvHX3moVk5Cvy/InxYL1DTruOy2069gYQz+CRbxCi/DbvL5UiLjcH72hmFsw==
    dependencies:
      ms-rest "^2.2.2"
      ms-rest-azure "^2.3.3"
  
  azure-arm-storsimple8000series@^1.0.0-preview:
    version "1.0.0-preview"
    resolved "https://registry.yarnpkg.com/azure-arm-storsimple8000series/-/azure-arm-storsimple8000series-1.0.0-preview.tgz#d77fdb6629791586af7a448e06a3c553c32e487f"
    integrity sha512-NdlGEhXFGCBxOxEe4LULKgPPdh91gE7YtiZ+uswkqfE82DknvBqebfZ7yzST1h0ub9PCvj/E9rV1zRub6aR7xw==
    dependencies:
      ms-rest "^2.2.2"
      ms-rest-azure "^2.3.3"
  
  azure-arm-streamanalytics@^1.0.0-preview:
    version "1.0.0-preview"
    resolved "https://registry.yarnpkg.com/azure-arm-streamanalytics/-/azure-arm-streamanalytics-1.0.0-preview.tgz#8f895edbc6570db1f72432f2366877528f389f0e"
    integrity sha512-IsBynbHmPzfz2F4k3ohTw9QRsWlUvt7juxHVxsVe8nr3klkq980/vhLEkytpglsBy5n5pp2nE6P7kYyxQwnWeA==
    dependencies:
      ms-rest "^2.2.2"
      ms-rest-azure "^2.3.3"
  
  azure-arm-trafficmanager@^3.0.0:
    version "3.0.0"
    resolved "https://registry.yarnpkg.com/azure-arm-trafficmanager/-/azure-arm-trafficmanager-3.0.0.tgz#913376d6d90099521aba692a140be906f1abc2b1"
    integrity sha512-1p8jEfFwQ3v1/CVga5tOsaYGGd/YwOq6xUBrvv6khUqMOd5JaszTOaKCQE5IMqK2agXj6TjQ0NHS7Fph6cyaiw==
    dependencies:
      ms-rest "^2.3.2"
      ms-rest-azure "^2.5.5"
  
  azure-arm-visualstudio@^1.0.0-preview:
    version "1.0.0-preview"
    resolved "https://registry.yarnpkg.com/azure-arm-visualstudio/-/azure-arm-visualstudio-1.0.0-preview.tgz#0352eaa51ca7140a413b15b502eda62ee5979b9d"
    integrity sha512-7hXExG3dC/nlEWoWhJOb/ust5YlbX4prztKrOyiNQ5E5CYX3x9vmnp01wHRv9i3H/tAIARfoFmpT+Fk48CkRGA==
    dependencies:
      ms-rest "^2.2.2"
      ms-rest-azure "^2.3.3"
  
  azure-arm-website@^3.0.0-preview:
    version "3.0.0-preview"
    resolved "https://registry.yarnpkg.com/azure-arm-website/-/azure-arm-website-3.0.0-preview.tgz#bd441fd349d9e145a7c11170a355c642c133fd21"
    integrity sha512-IhCdjiL0Y+QMlwdrw9tEoYM8mKCtBYHdK5G8RVthF58lHUAPMaQMbvSuumZ/kbVxNdvORkXGXJ5tOng6v75AZQ==
    dependencies:
      ms-rest "^2.3.0"
      ms-rest-azure "^2.5.0"
  
  azure-asm-compute@^0.18.0:
    version "0.18.0"
    resolved "https://registry.yarnpkg.com/azure-asm-compute/-/azure-asm-compute-0.18.0.tgz#109c31e17c697f4a00a01533fb230bf3ae448685"
    integrity sha512-lCuymrpTrzP4/1vT7v/3SEPl0R2a0TcVFulSnEoniMbMKuFfDwSfXOWUogZ+FwczAU8BxEbkZ1agTqH+20wVXQ==
    dependencies:
      azure-common "^0.9.13"
      underscore "1.4.x"
  
  azure-asm-hdinsight@^0.10.3:
    version "0.10.3"
    resolved "https://registry.yarnpkg.com/azure-asm-hdinsight/-/azure-asm-hdinsight-0.10.3.tgz#b47cec9bff2a830f3eb1502f6886dd7d31614a0a"
    integrity sha512-Dok4r4bGOcTiWGcHrJ6BNqgrhVQv9l5IJPNHBtEXH0C5MG8yuZ3yFXQFKS6zXC4FQrSVDKq56UN/EfmQ1Rmskg==
    dependencies:
      azure-common "^0.9.13"
      underscore "1.4.x"
  
  azure-asm-mgmt@^0.10.2:
    version "0.10.2"
    resolved "https://registry.yarnpkg.com/azure-asm-mgmt/-/azure-asm-mgmt-0.10.2.tgz#5c06ca5a21685f92c92c8a5708b59e52c89e8cfa"
    integrity sha512-TjD903nfAqPYCp48Sb4U+64qgIaaPootTeCXrFF0Gnolcnjt4T13CevBnrNcc8RuFsOIgPvlJAVUE+oGpcRM/Q==
    dependencies:
      azure-common "^0.9.13"
      underscore "1.4.x"
  
  azure-asm-network@^0.13.1:
    version "0.13.1"
    resolved "https://registry.yarnpkg.com/azure-asm-network/-/azure-asm-network-0.13.1.tgz#e23003ed31deee75f26cd5de21551b14901a5cae"
    integrity sha512-NwWLJ49PION4n5sdPFmkUDZXdkGgbLY0thiyr9HnrDP8O6Dp9VdhPRu3abX0UUsNZUWcxGDcQwHH8uH4DhAZ7g==
    dependencies:
      azure-common "^0.9.13"
  
  azure-asm-sb@^0.10.2:
    version "0.10.2"
    resolved "https://registry.yarnpkg.com/azure-asm-sb/-/azure-asm-sb-0.10.2.tgz#dbed9bebe6f531766ed7d21cd6407eefa1f69f15"
    integrity sha512-DY7FqTu4ThNHt/CjcKKsE32rXtKggHCmIc2yhmEsFBi46dm2EJg38R30aaKBVnbzEf+pZE9KIfyTDN1GXlg6ug==
    dependencies:
      azure-common "^0.9.13"
      underscore "1.4.x"
  
  azure-asm-scheduler@^0.10.2:
    version "0.10.2"
    resolved "https://registry.yarnpkg.com/azure-asm-scheduler/-/azure-asm-scheduler-0.10.2.tgz#d98a20d5780345b7ccd9dfb5d70ea2ffa14556e1"
    integrity sha512-E6idUebtAIQh6VXY9+MZSEbgIF+Zxok521TM8XpFItpo5fWnE7BZLOhVWNch2ncZ/YUxQdMzKnmw5bKODxPCZg==
    dependencies:
      azure-common "^0.9.13"
  
  azure-asm-sql@^0.10.3:
    version "0.10.3"
    resolved "https://registry.yarnpkg.com/azure-asm-sql/-/azure-asm-sql-0.10.3.tgz#59179c0c05910f2f37c9ec866a42e966f751f743"
    integrity sha512-G5OmmIX+ifQrNNaqJ2Me+fEewzQaxwVWDQ4YNxOWLkxktYmRq3W0fzFieeswCVOKXi46Xd1EePpQiJeNOFHyZg==
    dependencies:
      azure-common "^0.9.13"
      underscore "1.4.x"
  
  azure-asm-storage@^0.12.1:
    version "0.12.1"
    resolved "https://registry.yarnpkg.com/azure-asm-storage/-/azure-asm-storage-0.12.1.tgz#0eaece47b8d665b0e00d7abbf3b24b292e4ddcfe"
    integrity sha512-W2ZOGhqSz4sB9gd5vis04Hod0xQJNBtAYbE9lHxa5JAi7VxAZw/2Ctoh6oqnyXhSaEUwRb+o22Z921COZmo/NQ==
    dependencies:
      azure-common "^0.9.13"
  
  azure-asm-store@^0.10.2:
    version "0.10.2"
    resolved "https://registry.yarnpkg.com/azure-asm-store/-/azure-asm-store-0.10.2.tgz#374d8d67c8b92b5bac7dc8ae06592014ce6243cb"
    integrity sha512-SkVL7zKFlnL4FlnUOHxzI/yGHH4H9e7X9zK+ZTaOv/C6y35qqCKyI5idinOJcCSeK+wlqE/wPmFGaJihJ967Pg==
    dependencies:
      azure-common "^0.9.13"
  
  azure-asm-subscription@^0.10.2:
    version "0.10.2"
    resolved "https://registry.yarnpkg.com/azure-asm-subscription/-/azure-asm-subscription-0.10.2.tgz#de72bf0a842a144a228db2d75b403c2c7863e6c1"
    integrity sha512-FWGV06+yqJSHh7M9PS2B8dpGZFfGh7Kdwx3vdJby1ziy49izHHjUvr8qj4vAEphWKflUCvq+NNk/qlKQatSgDw==
    dependencies:
      azure-common "^0.9.13"
  
  azure-asm-trafficmanager@^0.10.4:
    version "0.10.4"
    resolved "https://registry.yarnpkg.com/azure-asm-trafficmanager/-/azure-asm-trafficmanager-0.10.4.tgz#b71bf148c78c9e6567572f75d62565a38ce3c84b"
    integrity sha512-xCZTU2dJWPQfGxHeAqEulbE2KJFDKahIJNOdUJhsuTgDrgB0CimWpd63cBP6MR6WzoXCYsEG+Q8Jr06mtqpQ0A==
    dependencies:
      azure-common "^0.9.13"
  
  azure-asm-website@^0.10.7:
    version "0.10.7"
    resolved "https://registry.yarnpkg.com/azure-asm-website/-/azure-asm-website-0.10.7.tgz#2eee830b8408b7d9a368d9b847b58dfcde5e3941"
    integrity sha512-h3OmXKKOLd4sbf4khrxqGTjspjqpKduKN9EWgEoIeNhMY+PVKrVEIMr3ZyKzmmy/8123MD+ip67wMqUKSTLtUA==
    dependencies:
      azure-common "^0.9.17"
      moment "^2.22.2"
      underscore "^1.8.3"
  
  azure-batch@^3.2.2:
    version "3.2.2"
    resolved "https://registry.yarnpkg.com/azure-batch/-/azure-batch-3.2.2.tgz#18f1c603cb2743d79df9a72f22240cb2eca498ba"
    integrity sha512-IM5nUITXMgTFTF4avRxsz/oLcMXLSZEzpukulRRpO1emXBI4EgSIr0++hUo+AZ94MINE2C4DXgCDiQ9P0suYXw==
    dependencies:
      moment "^2.22.2"
      ms-rest "^2.3.4"
      ms-rest-azure "^2.5.6"
      underscore "^1.8.3"
  
  azure-common@^0.9.13, azure-common@^0.9.17, azure-common@^0.9.18, azure-common@^0.9.19, azure-common@^0.9.20:
    version "0.9.27"
    resolved "https://registry.yarnpkg.com/azure-common/-/azure-common-0.9.27.tgz#5a836a96a2b9c33a8c6895b4125a9c73d811c39d"
    integrity sha512-5rPZth1SFvhcNeTYd//0A78Dl+OFqlL2QWyI1Jzw3mPMEoxdBRyc1wUr9PSzsWB3f9pzjSbmlBJC+dcFBshh+A==
    dependencies:
      dateformat "1.0.2-1.2.3"
      duplexer "~0.1.1"
      envconf "~0.0.4"
      request "^2.81.0"
      through "~2.3.4"
      tunnel "~0.0.2"
      underscore "^1.13.1"
      validator "13.7.0"
      xml2js "^0.4.19"
      xmlbuilder "15.1.1"
  
  azure-extra@^0.2.14:
    version "0.2.14"
    resolved "https://registry.yarnpkg.com/azure-extra/-/azure-extra-0.2.14.tgz#e36a9b35faed38328db8abe766334113b0386f52"
    integrity sha512-IOW8+betIT1Ng3Pk0S9VXf2uqEIiTnlJRuA70j5MwjLCliy/iC9Ts3ghJyOdUIrnYfYaL3u7UbVC1OkfTU2waA==
    dependencies:
      azure-common "^0.9.13"
      underscore "^1.8.3"
  
  azure-gallery@^2.0.0-pre.20:
    version "2.0.0-pre.20"
    resolved "https://registry.yarnpkg.com/azure-gallery/-/azure-gallery-2.0.0-pre.20.tgz#7a2eb5824184bd1513412d99af9f6c7e1c322b0f"
    integrity sha512-KDv7iNsbU/ObxBOXgUobpkj0nB3cVVnNxaQgeNEoWRiiiZ8IxHGplJbepHBkEyL7ob8uoUJwYzgqauQMDVSaQA==
    dependencies:
      azure-common "^0.9.13"
      underscore "1.4.x"
  
  azure-graph@^2.2.0:
    version "2.2.0"
    resolved "https://registry.yarnpkg.com/azure-graph/-/azure-graph-2.2.0.tgz#24c356c668a7b5543d5c48d704fd8d5b1db410e9"
    integrity sha512-ab0LlM5Q3pcKm+V6F6yx2ShzGOTYMcmJvLdL3PQsC9hF+hrYsBdkTCdNZdlPBgrSB8jp5vzhmK83qHGRs14hHw==
    dependencies:
      ms-rest "^2.2.2"
      ms-rest-azure "^2.3.3"
  
  azure-keyvault@^3.0.4-preview:
    version "3.0.5"
    resolved "https://registry.yarnpkg.com/azure-keyvault/-/azure-keyvault-3.0.5.tgz#4a3c72dd0693d4a081b495c613f054a3dff2e1e5"
    integrity sha512-59fzKRq9dnzv03lEuImvgXc3QjRJoSJtK0gv1WXoqCivBuPdFNK+x6hAjoEDS2WEOXG+7m3uiJWqpMh/8NW3ow==
    dependencies:
      ms-rest "^2.5.0"
      ms-rest-azure "^2.6.0"
  
  azure-loganalytics@^0.1.0:
    version "0.1.1"
    resolved "https://registry.yarnpkg.com/azure-loganalytics/-/azure-loganalytics-0.1.1.tgz#04399f4d7d4b60645e842d84cedfff2b8ad42e9a"
    integrity sha512-nt3DhaywATobRrFPJzS/W9ynFAnCKO+i+A3Lzjz/ZGzUmuUxAQkX4ALkk8BJvsPK6ONoC297u+RQuDSigDsz7A==
    dependencies:
      ms-rest "^2.3.3"
  
  azure-monitoring@^0.10.6:
    version "0.10.6"
    resolved "https://registry.yarnpkg.com/azure-monitoring/-/azure-monitoring-0.10.6.tgz#1b44cd6dc09df9256b91fdaaa253490da2ba9d00"
    integrity sha512-6HNA8VuC5qYvQMjcQt2/zlB7oyAJ7n6KGIYGstS6KS9Orux0peqxlrGPDeQRa4jDNq6ili83KiGc7RhWcgsE4Q==
    dependencies:
      azure-common "^0.9.17"
      moment "^2.22.2"
      underscore "^1.8.3"
  
  azure-sb@^0.10.6:
    version "0.10.6"
    resolved "https://registry.yarnpkg.com/azure-sb/-/azure-sb-0.10.6.tgz#1dad5c4a709ddc123d638a19c6208a6d733d2450"
    integrity sha512-bgupZJZ5DcZEh/fRRcDiverWteq32AhBrm34qK2/Rn6LIgurGzk70FpiBV5KxVPAaVmX08kdMwuGMkUMxinv8g==
    dependencies:
      azure-common "^0.9.19"
      mpns "2.1.3"
      underscore "^1.8.3"
      wns "~0.5.3"
  
  azure-scheduler@^0.10.4:
    version "0.10.4"
    resolved "https://registry.yarnpkg.com/azure-scheduler/-/azure-scheduler-0.10.4.tgz#a0f668dd8873c04d8441a9a5f96d0ae6b4a36c99"
    integrity sha512-1X68H1jP0m59rojy+Jil2vEevsiM3M/bJvfztOFRDwWi9s9IxU/yxBPUMdL9vPVWZpbLF7m7VapYzSfDwsiCxA==
    dependencies:
      azure-common "^0.9.17"
      moment "^2.22.2"
  
  azure-servicefabric@^2.0.0-preview:
    version "2.2.0"
    resolved "https://registry.yarnpkg.com/azure-servicefabric/-/azure-servicefabric-2.2.0.tgz#45d1dbbb123b322a37ae9ccc00a94e153daf01b1"
    integrity sha512-b+rxF8esa1Cm+bnJLs6a+hO/7U9QwvQzg0bSR1rKP9NTKjZji3GxdndcPVkHqFv28QiLo9ifyR/FaJMA0cDcTw==
    dependencies:
      ms-rest "^2.3.3"
  
  azure-storage-legacy@^0.10.3:
    version "0.10.3"
    resolved "https://registry.yarnpkg.com/azure-storage-legacy/-/azure-storage-legacy-0.10.3.tgz#bc8dd66ad635a49a7aa39b382f7c2bc37dca7cc5"
    integrity sha512-znZD9ixqwtQM4/mXGa/5RAj+GrxKbp7wYSWpMc7AlH6Laz5qSoMZLi+4PXqnYnbc9t3p2E3HoPKhtU62H4e4CA==
    dependencies:
      azure-common "^0.9.13"
      mime "^1.6.0"
      underscore "^1.8.3"
  
  azure-storage@^2.9.0-preview:
    version "2.10.7"
    resolved "https://registry.yarnpkg.com/azure-storage/-/azure-storage-2.10.7.tgz#50290ac638d1b709b89d961f333cc1c1a6722a05"
    integrity sha512-4oeFGtn3Ziw/fGs/zkoIpKKtygnCVIcZwzJ7UQzKTxhkGQqVCByOFbYqMGYR3L+wOsunX9lNfD0jc51SQuKSSA==
    dependencies:
      browserify-mime "^1.2.9"
      extend "^3.0.2"
      json-edm-parser "~0.1.2"
      json-schema "~0.4.0"
      md5.js "^1.3.4"
      readable-stream "^2.0.0"
      request "^2.86.0"
      underscore "^1.12.1"
      uuid "^3.0.0"
      validator "^13.7.0"
      xml2js "~0.2.8"
      xmlbuilder "^9.0.7"
  
  azure@^2.3.1-preview:
    version "2.3.1-preview"
    resolved "https://registry.yarnpkg.com/azure/-/azure-2.3.1-preview.tgz#a59e92790da76174fbf63af346dfa632042a534a"
    integrity sha512-4GmbdzqbocOLgASGbBZuNA5rwU3szCaoyTS95s2DcwkTnv28Ong4/HeKTv9GX9ib1ueNv26AbrK/EmyiGY65Zg==
    dependencies:
      azure-arm-advisor "^1.1.0"
      azure-arm-analysisservices "^2.2.1-preview"
      azure-arm-apimanagement "^2.1.1-preview"
      azure-arm-appinsights "^1.2.1-preview"
      azure-arm-authorization "^5.0.0"
      azure-arm-automation "^4.0.0-preview"
      azure-arm-batch "^3.1.0"
      azure-arm-billing "^2.1.0"
      azure-arm-cdn "^4.0.1"
      azure-arm-cognitiveservices "^2.1.0"
      azure-arm-commerce "^2.0.0"
      azure-arm-compute "^5.1.1"
      azure-arm-consumption "^4.0.0"
      azure-arm-containerinstance "^2.0.0"
      azure-arm-containerregistry "^2.2.0"
      azure-arm-containerservice "^2.0.0"
      azure-arm-cosmosdb "^1.1.2"
      azure-arm-customerinsights "^3.0.0"
      azure-arm-datafactory "^2.0.1"
      azure-arm-datalake-analytics "^3.0.0-preview"
      azure-arm-datalake-store "^3.0.0-preview"
      azure-arm-devtestlabs "^2.1.1"
      azure-arm-dns "^2.1.0"
      azure-arm-domainservices "^1.1.0"
      azure-arm-eventgrid "^1.3.0"
      azure-arm-eventhub "^1.3.0"
      azure-arm-hdinsight "^0.3.0"
      azure-arm-hdinsight-jobs "^0.1.1"
      azure-arm-iothub "^1.1.0-preview"
      azure-arm-keyvault "^1.1.2-preview"
      azure-arm-logic "^1.1.0-preview"
      azure-arm-machinelearning "^1.1.0-preview"
      azure-arm-machinelearningcompute "^1.0.0-preview"
      azure-arm-marketplaceordering "^1.1.0-preview"
      azure-arm-mediaservices "^2.0.0"
      azure-arm-mobileengagement "^1.0.0-preview"
      azure-arm-monitor "^2.0.0-preview"
      azure-arm-mysql "^3.0.0"
      azure-arm-network "^5.3.0"
      azure-arm-notificationhubs "^1.1.0"
      azure-arm-operationalinsights "^1.1.0"
      azure-arm-operations "^1.0.0-preview"
      azure-arm-postgresql "^4.0.0"
      azure-arm-powerbiembedded "^1.1.0-preview"
      azure-arm-recoveryservices "^2.0.1-preview"
      azure-arm-recoveryservices-siterecovery "^2.0.0-preview"
      azure-arm-recoveryservicesbackup "^2.0.1-preview"
      azure-arm-rediscache "^2.0.0-preview"
      azure-arm-relay "^2.0.0-preview"
      azure-arm-resource "^3.1.1-preview"
      azure-arm-resourcehealth "^1.0.0-preview"
      azure-arm-sb "^2.2.0-preview"
      azure-arm-scheduler "^1.2.0-preview"
      azure-arm-search "^1.1.0-preview"
      azure-arm-servermanagement "^1.1.0"
      azure-arm-servicefabric "^2.0.0-preview"
      azure-arm-servicemap "^2.0.0"
      azure-arm-sql "^3.0.0"
      azure-arm-storage "^5.0.0"
      azure-arm-storageimportexport "^1.1.0"
      azure-arm-storsimple8000series "^1.0.0-preview"
      azure-arm-streamanalytics "^1.0.0-preview"
      azure-arm-trafficmanager "^3.0.0"
      azure-arm-visualstudio "^1.0.0-preview"
      azure-arm-website "^3.0.0-preview"
      azure-asm-compute "^0.18.0"
      azure-asm-hdinsight "^0.10.3"
      azure-asm-mgmt "^0.10.2"
      azure-asm-network "^0.13.1"
      azure-asm-sb "^0.10.2"
      azure-asm-scheduler "^0.10.2"
      azure-asm-sql "^0.10.3"
      azure-asm-storage "^0.12.1"
      azure-asm-store "^0.10.2"
      azure-asm-subscription "^0.10.2"
      azure-asm-trafficmanager "^0.10.4"
      azure-asm-website "^0.10.7"
      azure-batch "^3.2.2"
      azure-common "^0.9.20"
      azure-extra "^0.2.14"
      azure-gallery "^2.0.0-pre.20"
      azure-graph "^2.2.0"
      azure-keyvault "^3.0.4-preview"
      azure-loganalytics "^0.1.0"
      azure-monitoring "^0.10.6"
      azure-sb "^0.10.6"
      azure-scheduler "^0.10.4"
      azure-servicefabric "^2.0.0-preview"
      azure-storage "^2.9.0-preview"
      azure-storage-legacy "^0.10.3"
      mime "^1.6.0"
      moment "^2.22.2"
      ms-rest "^2.3.0"
      ms-rest-azure "^2.5.0"
      request "^2.81.0"
      underscore "1.8.3"
      uuid "^3.0.1"
  
  bcrypt-pbkdf@^1.0.0:
    version "1.0.2"
    resolved "https://registry.yarnpkg.com/bcrypt-pbkdf/-/bcrypt-pbkdf-1.0.2.tgz#a4301d389b6a43f9b67ff3ca11a3f6637e360e9e"
    integrity sha512-qeFIXtP4MSoi6NLqO12WfqARWWuCKi2Rn/9hJLEmtB5yTNr9DqFWkJRCf2qShWzPeAMRnOgCrq0sg/KLv5ES9w==
    dependencies:
      tweetnacl "^0.14.3"
  
  braces@^3.0.2:
    version "3.0.2"
    resolved "https://registry.yarnpkg.com/braces/-/braces-3.0.2.tgz#3454e1a462ee8d599e236df336cd9ea4f8afe107"
    integrity sha512-b8um+L1RzM3WDSzvhm6gIz1yfTbBt6YTlcEKAvsmqCZZFw46z626lVj9j1yEPW33H5H+lBQpZMP1k8l+78Ha0A==
    dependencies:
      fill-range "^7.0.1"
  
  browserify-mime@^1.2.9:
    version "1.2.9"
    resolved "https://registry.yarnpkg.com/browserify-mime/-/browserify-mime-1.2.9.tgz#aeb1af28de6c0d7a6a2ce40adb68ff18422af31f"
    integrity sha512-uz+ItyJXBLb6wgon1ELEiVowJBEsy03PUWGRQU7cxxx9S+DW2hujPp+DaMYEOClRPzsn7NB99NtJ6pGnt8y+CQ==
  
  buffer-equal-constant-time@1.0.1:
    version "1.0.1"
    resolved "https://registry.yarnpkg.com/buffer-equal-constant-time/-/buffer-equal-constant-time-1.0.1.tgz#f8e71132f7ffe6e01a5c9697a4c6f3e48d5cc819"
    integrity sha512-zRpUiDwd/xk6ADqPMATG8vc9VPrkck7T07OIx0gnjmJAnHnTVXNQG3vfvWNuiZIkwu9KrKdA1iJKfsfTVxE6NA==
  
  caseless@~0.12.0:
    version "0.12.0"
    resolved "https://registry.yarnpkg.com/caseless/-/caseless-0.12.0.tgz#1b681c21ff84033c826543090689420d187151dc"
    integrity sha512-4tYFyifaFfGacoiObjJegolkwSU4xQNGbVgUiNYVUxbQ2x2lUsFvY4hVgVzGiIe6WLOPqycWXA40l+PWsxthUw==
  
  combined-stream@^1.0.6, combined-stream@^1.0.8, combined-stream@~1.0.6:
    version "1.0.8"
    resolved "https://registry.yarnpkg.com/combined-stream/-/combined-stream-1.0.8.tgz#c3d45a8b34fd730631a110a8a2520682b31d5a7f"
    integrity sha512-FQN4MRfuJeHf7cBbBMJFXhKSDq+2kAArBlmRBvcvFE5BB1HZKXtSFASDhdlz9zOYwxh8lDdnvmMOe/+5cdoEdg==
    dependencies:
      delayed-stream "~1.0.0"
  
  core-util-is@1.0.2:
    version "1.0.2"
    resolved "https://registry.yarnpkg.com/core-util-is/-/core-util-is-1.0.2.tgz#b5fd54220aa2bc5ab57aab7140c940754503c1a7"
    integrity sha512-3lqz5YjWTYnW6dlDa5TLaTCcShfar1e40rmcJVwCBJC6mWlFuj0eCHIElmG1g5kyuJ/GD+8Wn4FFCcz4gJPfaQ==
  
  core-util-is@~1.0.0:
    version "1.0.3"
    resolved "https://registry.yarnpkg.com/core-util-is/-/core-util-is-1.0.3.tgz#a6042d3634c2b27e9328f837b965fac83808db85"
    integrity sha512-ZQBvi1DcpJ4GDqanjucZ2Hj3wEO5pZDS89BWbkcrvdxksJorwUDDZamX9ldFkp9aw2lmBDLgkObEA4DWNJ9FYQ==
  
  dashdash@^1.12.0:
    version "1.14.1"
    resolved "https://registry.yarnpkg.com/dashdash/-/dashdash-1.14.1.tgz#853cfa0f7cbe2fed5de20326b8dd581035f6e2f0"
    integrity sha512-jRFi8UDGo6j+odZiEpjazZaWqEal3w/basFjQHQEwVtZJGDpxbH1MeYluwCS8Xq5wmLJooDlMgvVarmWfGM44g==
    dependencies:
      assert-plus "^1.0.0"
  
  date-utils@*:
    version "1.2.21"
    resolved "https://registry.yarnpkg.com/date-utils/-/date-utils-1.2.21.tgz#61fb16cdc1274b3c9acaaffe9fc69df8720a2b64"
    integrity sha512-wJMBjqlwXR0Iv0wUo/lFbhSQ7MmG1hl36iuxuE91kW+5b5sWbase73manEqNH9sOLFAMG83B4ffNKq9/Iq0FVA==
  
  dateformat@1.0.2-1.2.3:
    version "1.0.2-1.2.3"
    resolved "https://registry.yarnpkg.com/dateformat/-/dateformat-1.0.2-1.2.3.tgz#b0220c02de98617433b72851cf47de3df2cdbee9"
    integrity sha512-AXvW8g7tO4ilk5HgOWeDmPi/ZPaCnMJ+9Cg1I3p19w6mcvAAXBuuGEXAxybC+Djj1PSZUiHUcyoYu7WneCX8gQ==
  
  debug@^4.3.4:
    version "4.3.4"
    resolved "https://registry.yarnpkg.com/debug/-/debug-4.3.4.tgz#1319f6579357f2338d3337d2cdd4914bb5dcc865"
    integrity sha512-PRWFHuSU3eDtQJPvnNY7Jcket1j0t5OuOsFzPPzsekD52Zl8qUfFIPEiswXqIvHWGVHOgX+7G/vCNNhehwxfkQ==
    dependencies:
      ms "2.1.2"
  
  delayed-stream@~1.0.0:
    version "1.0.0"
    resolved "https://registry.yarnpkg.com/delayed-stream/-/delayed-stream-1.0.0.tgz#df3ae199acadfb7d440aaae0b29e2272b24ec619"
    integrity sha512-ZySD7Nf91aLB0RxL4KGrKHBXl7Eds1DAmEdcoVawXnLD7SDhpNgtuII2aAkg7a7QS41jxPSZ17p4VdGnMHk3MQ==
  
  dir-glob@^3.0.1:
    version "3.0.1"
    resolved "https://registry.yarnpkg.com/dir-glob/-/dir-glob-3.0.1.tgz#56dbf73d992a4a93ba1584f4534063fd2e41717f"
    integrity sha512-WkrWp9GR4KXfKGYzOLmTuGVi1UWFfws377n9cc55/tb6DuqyF6pcQ5AbiHEshaDpY9v6oaSr2XCDidGmMwdzIA==
    dependencies:
      path-type "^4.0.0"
  
  duplexer@^0.1.1, duplexer@~0.1.1:
    version "0.1.2"
    resolved "https://registry.yarnpkg.com/duplexer/-/duplexer-0.1.2.tgz#3abe43aef3835f8ae077d136ddce0f276b0400e6"
    integrity sha512-jtD6YG370ZCIi/9GTaJKQxWTZD045+4R4hTk/x1UyoqadyJ9x9CgSi1RlVDQF8U2sxLLSnFkCaMihqljHIWgMg==
  
  ecc-jsbn@~0.1.1:
    version "0.1.2"
    resolved "https://registry.yarnpkg.com/ecc-jsbn/-/ecc-jsbn-0.1.2.tgz#3a83a904e54353287874c564b7549386849a98c9"
    integrity sha512-eh9O+hwRHNbG4BLTjEl3nw044CkGm5X6LoaCf7LPp7UU8Qrt47JYNi6nPX8xjW97TKGKm1ouctg0QSpZe9qrnw==
    dependencies:
      jsbn "~0.1.0"
      safer-buffer "^2.1.0"
  
  ecdsa-sig-formatter@1.0.11:
    version "1.0.11"
    resolved "https://registry.yarnpkg.com/ecdsa-sig-formatter/-/ecdsa-sig-formatter-1.0.11.tgz#ae0f0fa2d85045ef14a817daa3ce9acd0489e5bf"
    integrity sha512-nagl3RYrbNv6kQkeJIpt6NJZy8twLB/2vtz6yN9Z4vRKHN4/QZJIEbqohALSgwKdnksuY3k5Addp5lg8sVoVcQ==
    dependencies:
      safe-buffer "^5.0.1"
  
  envconf@~0.0.4:
    version "0.0.4"
    resolved "https://registry.yarnpkg.com/envconf/-/envconf-0.0.4.tgz#85675afba237c43f98de2d46adc0e532a4dcf48b"
    integrity sha512-2m1iNXPrvG5FNoBEsYm8HTcsS5lViCZsRcLiuBZsOPX9G09bzv9+yo9Xp6ih8HSG3Mqhcd4M0n7sSD/QgY05Xg==
  
  eslint-visitor-keys@^3.3.0:
    version "3.3.0"
    resolved "https://registry.yarnpkg.com/eslint-visitor-keys/-/eslint-visitor-keys-3.3.0.tgz#f6480fa6b1f30efe2d1968aa8ac745b862469826"
    integrity sha512-mQ+suqKJVyeuwGYHAdjMFqjCyfl8+Ldnxuyp3ldiMBFKkvytrXUZWaiPCEav8qDHKty44bD+qV1IP4T+w+xXRA==
  
  events@^3.0.0:
    version "3.3.0"
    resolved "https://registry.yarnpkg.com/events/-/events-3.3.0.tgz#31a95ad0a924e2d2c419a813aeb2c4e878ea7400"
    integrity sha512-mQw+2fkQbALzQ7V0MY0IqdnXNOeTtP4r0lN9z7AAawCXgqea7bDii20AYrIBrFd/Hx0M2Ocz6S111CaFkUcb0Q==
  
  extend@^3.0.2, extend@~3.0.2:
    version "3.0.2"
    resolved "https://registry.yarnpkg.com/extend/-/extend-3.0.2.tgz#f8b1136b4071fbd8eb140aff858b1019ec2915fa"
    integrity sha512-fjquC59cD7CyW6urNXK0FBufkZcoiGG80wTuPujX590cB5Ttln20E2UB4S/WARVqhXffZl2LNgS+gQdPIIim/g==
  
  extsprintf@1.3.0:
    version "1.3.0"
    resolved "https://registry.yarnpkg.com/extsprintf/-/extsprintf-1.3.0.tgz#96918440e3041a7a414f8c52e3c574eb3c3e1e05"
    integrity sha512-11Ndz7Nv+mvAC1j0ktTa7fAb0vLyGGX+rMHNBYQviQDGU0Hw7lhctJANqbPhu9nV9/izT/IntTgZ7Im/9LJs9g==
  
  extsprintf@^1.2.0:
    version "1.4.1"
    resolved "https://registry.yarnpkg.com/extsprintf/-/extsprintf-1.4.1.tgz#8d172c064867f235c0c84a596806d279bf4bcc07"
    integrity sha512-Wrk35e8ydCKDj/ArClo1VrPVmN8zph5V4AtHwIuHhvMXsKf73UT3BOD+azBIW+3wOJ4FhEH7zyaJCFvChjYvMA==
  
  fast-deep-equal@^3.1.1:
    version "3.1.3"
    resolved "https://registry.yarnpkg.com/fast-deep-equal/-/fast-deep-equal-3.1.3.tgz#3a7d56b559d6cbc3eb512325244e619a65c6c525"
    integrity sha512-f3qQ9oQy9j2AhBe/H9VC91wLmKBCCU/gDOnKNAYG5hswO7BLKj09Hc5HYNz9cGI++xlpDCIgDaitVs03ATR84Q==
  
  fast-glob@^3.2.9:
    version "3.2.12"
    resolved "https://registry.yarnpkg.com/fast-glob/-/fast-glob-3.2.12.tgz#7f39ec99c2e6ab030337142da9e0c18f37afae80"
    integrity sha512-DVj4CQIYYow0BlaelwK1pHl5n5cRSJfM60UA0zK891sVInoPri2Ekj7+e1CT3/3qxXenpI+nBBmQAcJPJgaj4w==
    dependencies:
      "@nodelib/fs.stat" "^2.0.2"
      "@nodelib/fs.walk" "^1.2.3"
      glob-parent "^5.1.2"
      merge2 "^1.3.0"
      micromatch "^4.0.4"
  
  fast-json-stable-stringify@^2.0.0:
    version "2.1.0"
    resolved "https://registry.yarnpkg.com/fast-json-stable-stringify/-/fast-json-stable-stringify-2.1.0.tgz#874bf69c6f404c2b5d99c481341399fd55892633"
    integrity sha512-lhd/wF+Lk98HZoTCtlVraHtfh5XYijIjalXck7saUtuanSDyLMxnHhSXEDJqHxD7msR8D0uCmqlkwjCV8xvwHw==
  
  fastq@^1.6.0:
    version "1.14.0"
    resolved "https://registry.yarnpkg.com/fastq/-/fastq-1.14.0.tgz#107f69d7295b11e0fccc264e1fc6389f623731ce"
    integrity sha512-eR2D+V9/ExcbF9ls441yIuN6TI2ED1Y2ZcA5BmMtJsOkWOFRJQ0Jt0g1UwqXJJVAb+V+umH5Dfr8oh4EVP7VVg==
    dependencies:
      reusify "^1.0.4"
  
  fill-range@^7.0.1:
    version "7.0.1"
    resolved "https://registry.yarnpkg.com/fill-range/-/fill-range-7.0.1.tgz#1919a6a7c75fe38b2c7c77e5198535da9acdda40"
    integrity sha512-qOo9F+dMUmC2Lcb4BbVvnKJxTPjCm+RRpe4gDuGrzkL7mEVl/djYSu2OdQ2Pa302N4oqkSg9ir6jaLWJ2USVpQ==
    dependencies:
      to-regex-range "^5.0.1"
  
  follow-redirects@^1.14.0:
    version "1.15.2"
    resolved "https://registry.yarnpkg.com/follow-redirects/-/follow-redirects-1.15.2.tgz#b460864144ba63f2681096f274c4e57026da2c13"
    integrity sha512-VQLG33o04KaQ8uYi2tVNbdrWp1QWxNNea+nmIB4EVM28v0hmP17z7aG1+wAkNzVq4KeXTq3221ye5qTJP91JwA==
  
  forever-agent@~0.6.1:
    version "0.6.1"
    resolved "https://registry.yarnpkg.com/forever-agent/-/forever-agent-0.6.1.tgz#fbc71f0c41adeb37f96c577ad1ed42d8fdacca91"
    integrity sha512-j0KLYPhm6zeac4lz3oJ3o65qvgQCcPubiyotZrXqEaG4hNagNYO8qdlUrX5vwqv9ohqeT/Z3j6+yW067yWWdUw==
  
  form-data@^3.0.0:
    version "3.0.1"
    resolved "https://registry.yarnpkg.com/form-data/-/form-data-3.0.1.tgz#ebd53791b78356a99af9a300d4282c4d5eb9755f"
    integrity sha512-RHkBKtLWUVwd7SqRIvCZMEvAMoGUp0XU+seQiZejj0COz3RI3hWP4sCv3gZWWLjJTd7rGwcsF5eKZGii0r/hbg==
    dependencies:
      asynckit "^0.4.0"
      combined-stream "^1.0.8"
      mime-types "^2.1.12"
  
  form-data@^4.0.0:
    version "4.0.0"
    resolved "https://registry.yarnpkg.com/form-data/-/form-data-4.0.0.tgz#93919daeaf361ee529584b9b31664dc12c9fa452"
    integrity sha512-ETEklSGi5t0QMZuiXoA/Q6vcnxcLQP5vdugSpuAyi6SVGi2clPPp+xgEhuMaHC+zGgn31Kd235W35f7Hykkaww==
    dependencies:
      asynckit "^0.4.0"
      combined-stream "^1.0.8"
      mime-types "^2.1.12"
  
  form-data@~2.3.2:
    version "2.3.3"
    resolved "https://registry.yarnpkg.com/form-data/-/form-data-2.3.3.tgz#dcce52c05f644f298c6a7ab936bd724ceffbf3a6"
    integrity sha512-1lLKB2Mu3aGP1Q/2eCOx0fNbRMe7XdwktwOruhfqqd0rIJWwN4Dh+E3hrPSlDCXnSR7UtZ1N38rVXm+6+MEhJQ==
    dependencies:
      asynckit "^0.4.0"
      combined-stream "^1.0.6"
      mime-types "^2.1.12"
  
  getpass@^0.1.1:
    version "0.1.7"
    resolved "https://registry.yarnpkg.com/getpass/-/getpass-0.1.7.tgz#5eff8e3e684d569ae4cb2b1282604e8ba62149fa"
    integrity sha512-0fzj9JxOLfJ+XGLhR8ze3unN0KZCgZwiSSDz168VERjK8Wl8kVSdcu2kspd4s4wtAa1y/qrVRiAA0WclVsu0ng==
    dependencies:
      assert-plus "^1.0.0"
  
  glob-parent@^5.1.2:
    version "5.1.2"
    resolved "https://registry.yarnpkg.com/glob-parent/-/glob-parent-5.1.2.tgz#869832c58034fe68a4093c17dc15e8340d8401c4"
    integrity sha512-AOIgSQCepiJYwP3ARnGx+5VnTu2HBYdzbGP45eLw1vr3zB3vZLeyed1sC9hnbcOc9/SrMyM5RPQrkGz4aS9Zow==
    dependencies:
      is-glob "^4.0.1"
  
  globby@^11.1.0:
    version "11.1.0"
    resolved "https://registry.yarnpkg.com/globby/-/globby-11.1.0.tgz#bd4be98bb042f83d796f7e3811991fbe82a0d34b"
    integrity sha512-jhIXaOzy1sb8IyocaruWSn1TjmnBVs8Ayhcy83rmxNJ8q2uWKCAj3CnJY+KpGSXCueAPc0i05kVvVKtP1t9S3g==
    dependencies:
      array-union "^2.1.0"
      dir-glob "^3.0.1"
      fast-glob "^3.2.9"
      ignore "^5.2.0"
      merge2 "^1.4.1"
      slash "^3.0.0"
  
  har-schema@^2.0.0:
    version "2.0.0"
    resolved "https://registry.yarnpkg.com/har-schema/-/har-schema-2.0.0.tgz#a94c2224ebcac04782a0d9035521f24735b7ec92"
    integrity sha512-Oqluz6zhGX8cyRaTQlFMPw80bSJVG2x/cFb8ZPhUILGgHka9SsokCCOQgpveePerqidZOrT14ipqfJb7ILcW5Q==
  
  har-validator@~5.1.3:
    version "5.1.5"
    resolved "https://registry.yarnpkg.com/har-validator/-/har-validator-5.1.5.tgz#1f0803b9f8cb20c0fa13822df1ecddb36bde1efd"
    integrity sha512-nmT2T0lljbxdQZfspsno9hgrG3Uir6Ks5afism62poxqBM6sDnMEuPmzTq8XN0OEwqKLLdh1jQI3qyE66Nzb3w==
    dependencies:
      ajv "^6.12.3"
      har-schema "^2.0.0"
  
  hash-base@^3.0.0:
    version "3.1.0"
    resolved "https://registry.yarnpkg.com/hash-base/-/hash-base-3.1.0.tgz#55c381d9e06e1d2997a883b4a3fddfe7f0d3af33"
    integrity sha512-1nmYp/rhMDiE7AYkDw+lLwlAzz0AntGIe51F3RfFfEqyQ3feY2eI/NcwC6umIQVOASPMsWJLJScWKSSvzL9IVA==
    dependencies:
      inherits "^2.0.4"
      readable-stream "^3.6.0"
      safe-buffer "^5.2.0"
  
  http-signature@1.3.6:
    version "1.3.6"
    resolved "https://registry.yarnpkg.com/http-signature/-/http-signature-1.3.6.tgz#cb6fbfdf86d1c974f343be94e87f7fc128662cf9"
    integrity sha512-3adrsD6zqo4GsTqtO7FyrejHNv+NgiIfAfv68+jVlFmSr9OGy7zrxONceFRLKvnnZA5jbxQBX1u9PpB6Wi32Gw==
    dependencies:
      assert-plus "^1.0.0"
      jsprim "^2.0.2"
      sshpk "^1.14.1"
  
  http-signature@~1.2.0:
    version "1.2.0"
    resolved "https://registry.yarnpkg.com/http-signature/-/http-signature-1.2.0.tgz#9aecd925114772f3d95b65a60abb8f7c18fbace1"
    integrity sha512-CAbnr6Rz4CYQkLYUtSNXxQPUH2gK8f3iWexVlsnMeD+GjlsQ0Xsy1cOX+mN3dtxYomRy21CiOzU8Uhw6OwncEQ==
    dependencies:
      assert-plus "^1.0.0"
      jsprim "^1.2.2"
      sshpk "^1.7.0"
  
  ignore@^5.2.0:
    version "5.2.2"
    resolved "https://registry.yarnpkg.com/ignore/-/ignore-5.2.2.tgz#7e5f30224584b67aeeefe383a24a61dce4cb370d"
    integrity sha512-m1MJSy4Z2NAcyhoYpxQeBsc1ZdNQwYjN0wGbLBlnVArdJ90Gtr8IhNSfZZcCoR0fM/0E0BJ0mf1KnLNDOCJP4w==
  
  inherits@^2.0.1, inherits@^2.0.3, inherits@^2.0.4, inherits@~2.0.3:
    version "2.0.4"
    resolved "https://registry.yarnpkg.com/inherits/-/inherits-2.0.4.tgz#0fa2c64f932917c3433a0ded55363aae37416b7c"
    integrity sha512-k/vGaX4/Yla3WzyMCvTQOXYeIHvqOKtnqBduzTHpzpQZzAskKMhZ2K+EnBiSM9zGSoIFeMpXKxa4dYeZIQqewQ==
  
  is-buffer@^1.1.6:
    version "1.1.6"
    resolved "https://registry.yarnpkg.com/is-buffer/-/is-buffer-1.1.6.tgz#efaa2ea9daa0d7ab2ea13a97b2b8ad51fefbe8be"
    integrity sha512-NcdALwpXkTm5Zvvbk7owOUSvVvBKDgKP5/ewfXEznmQFfs4ZRmanOeKBTjRVjka3QFoN6XJ+9F3USqfHqTaU5w==
  
  is-extglob@^2.1.1:
    version "2.1.1"
    resolved "https://registry.yarnpkg.com/is-extglob/-/is-extglob-2.1.1.tgz#a88c02535791f02ed37c76a1b9ea9773c833f8c2"
    integrity sha512-SbKbANkN603Vi4jEZv49LeVJMn4yGwsbzZworEoyEiutsN3nJYdbO36zfhGJ6QEDpOZIFkDtnq5JRxmvl3jsoQ==
  
  is-glob@^4.0.1, is-glob@^4.0.3:
    version "4.0.3"
    resolved "https://registry.yarnpkg.com/is-glob/-/is-glob-4.0.3.tgz#64f61e42cbbb2eec2071a9dac0b28ba1e65d5084"
    integrity sha512-xelSayHH36ZgE7ZWhli7pW34hNbNl8Ojv5KVmkJD4hBdD3th8Tfk9vYasLM+mXWOZhFkgZfxhLSnrwRr4elSSg==
    dependencies:
      is-extglob "^2.1.1"
  
  is-number@^7.0.0:
    version "7.0.0"
    resolved "https://registry.yarnpkg.com/is-number/-/is-number-7.0.0.tgz#7535345b896734d5f80c4d06c50955527a14f12b"
    integrity sha512-41Cifkg6e8TylSpdtTpeLVMqvSBEVzTttHvERD741+pnZ8ANv0004MRL43QKPDlK9cGvNp6NZWZUBlbGXYxxng==
  
  is-stream@^1.1.0:
    version "1.1.0"
    resolved "https://registry.yarnpkg.com/is-stream/-/is-stream-1.1.0.tgz#12d4a3dd4e68e0b79ceb8dbc84173ae80d91ca44"
    integrity sha512-uQPm8kcs47jx38atAcWTVxyltQYoPT68y9aWYdV6yWXSyW8mzSat0TL6CiWdZeCdF3KrAvpVtnHbTv4RN+rqdQ==
  
  is-typedarray@~1.0.0:
    version "1.0.0"
    resolved "https://registry.yarnpkg.com/is-typedarray/-/is-typedarray-1.0.0.tgz#e479c80858df0c1b11ddda6940f96011fcda4a9a"
    integrity sha512-cyA56iCMHAh5CdzjJIa4aohJyeO1YbwLi3Jc35MmRU6poroFjIGZzUzupGiRPOjgHg9TLu43xbpwXk523fMxKA==
  
  isarray@~1.0.0:
    version "1.0.0"
    resolved "https://registry.yarnpkg.com/isarray/-/isarray-1.0.0.tgz#bb935d48582cba168c06834957a54a3e07124f11"
    integrity sha512-VLghIWNM6ELQzo7zwmcg0NmTVyWKYjvIeM83yjp0wRDTmUnrM678fQbcKBo6n2CJEF0szoG//ytg+TKla89ALQ==
  
  isstream@~0.1.2:
    version "0.1.2"
    resolved "https://registry.yarnpkg.com/isstream/-/isstream-0.1.2.tgz#47e63f7af55afa6f92e1500e690eb8b8529c099a"
    integrity sha512-Yljz7ffyPbrLpLngrMtZ7NduUgVvi6wG9RJ9IUcyCd59YQ911PBJphODUcbOVbqYfxe1wuYf/LJ8PauMRwsM/g==
  
  jsbn@~0.1.0:
    version "0.1.1"
    resolved "https://registry.yarnpkg.com/jsbn/-/jsbn-0.1.1.tgz#a5e654c2e5a2deb5f201d96cefbca80c0ef2f513"
    integrity sha512-UVU9dibq2JcFWxQPA6KCqj5O42VOmAY3zQUfEKxU0KpTGXwNoCjkX1e13eHNvw/xPynt6pU0rZ1htjWTNTSXsg==
  
  json-edm-parser@~0.1.2:
    version "0.1.2"
    resolved "https://registry.yarnpkg.com/json-edm-parser/-/json-edm-parser-0.1.2.tgz#1e60b0fef1bc0af67bc0d146dfdde5486cd615b4"
    integrity sha512-J1U9mk6lf8dPULcaMwALXB6yel3cJyyhk9Z8FQ4sMwiazNwjaUhegIcpZyZFNMvLRtnXwh+TkCjX9uYUObBBYA==
    dependencies:
      jsonparse "~1.2.0"
  
  json-schema-traverse@^0.4.1:
    version "0.4.1"
    resolved "https://registry.yarnpkg.com/json-schema-traverse/-/json-schema-traverse-0.4.1.tgz#69f6a87d9513ab8bb8fe63bdb0979c448e684660"
    integrity sha512-xbbCH5dCYU5T8LcEhhuh7HJ88HXuW3qsI3Y0zOZFKfZEHcpWiHU/Jxzk629Brsab/mMiHQti9wMP+845RPe3Vg==
  
  json-schema@0.4.0, json-schema@~0.4.0:
    version "0.4.0"
    resolved "https://registry.yarnpkg.com/json-schema/-/json-schema-0.4.0.tgz#f7de4cf6efab838ebaeb3236474cbba5a1930ab5"
    integrity sha512-es94M3nTIfsEPisRafak+HDLfHXnKBhV3vU5eqPcS3flIWqcxJWgXHXiey3YrpaNsanY5ei1VoYEbOzijuq9BA==
  
  json-stringify-safe@~5.0.1:
    version "5.0.1"
    resolved "https://registry.yarnpkg.com/json-stringify-safe/-/json-stringify-safe-5.0.1.tgz#1296a2d58fd45f19a0f6ce01d65701e2c735b6eb"
    integrity sha512-ZClg6AaYvamvYEE82d3Iyd3vSSIjQ+odgjaTzRuO3s7toCdFKczob2i0zCh7JE8kWn17yvAWhUVxvqGwUalsRA==
  
  jsonparse@~1.2.0:
    version "1.2.0"
    resolved "https://registry.yarnpkg.com/jsonparse/-/jsonparse-1.2.0.tgz#5c0c5685107160e72fe7489bddea0b44c2bc67bd"
    integrity sha512-LkDEYtKnPFI9hQ/IURETe6F1dUH80cbRkaF6RaViSwoSNPwaxQpi6TgJGvJKyLQ2/9pQW+XCxK3hBoR44RAjkg==
  
  jsprim@^1.2.2:
    version "1.4.2"
    resolved "https://registry.yarnpkg.com/jsprim/-/jsprim-1.4.2.tgz#712c65533a15c878ba59e9ed5f0e26d5b77c5feb"
    integrity sha512-P2bSOMAc/ciLz6DzgjVlGJP9+BrJWu5UDGK70C2iweC5QBIeFf0ZXRvGjEj2uYgrY2MkAAhsSWHDWlFtEroZWw==
    dependencies:
      assert-plus "1.0.0"
      extsprintf "1.3.0"
      json-schema "0.4.0"
      verror "1.10.0"
  
  jsprim@^2.0.2:
    version "2.0.2"
    resolved "https://registry.yarnpkg.com/jsprim/-/jsprim-2.0.2.tgz#77ca23dbcd4135cd364800d22ff82c2185803d4d"
    integrity sha512-gqXddjPqQ6G40VdnI6T6yObEC+pDNvyP95wdQhkWkg7crHH3km5qP1FsOXEkzEQwnz6gz5qGTn1c2Y52wP3OyQ==
    dependencies:
      assert-plus "1.0.0"
      extsprintf "1.3.0"
      json-schema "0.4.0"
      verror "1.10.0"
  
  jwa@^1.4.1:
    version "1.4.1"
    resolved "https://registry.yarnpkg.com/jwa/-/jwa-1.4.1.tgz#743c32985cb9e98655530d53641b66c8645b039a"
    integrity sha512-qiLX/xhEEFKUAJ6FiBMbes3w9ATzyk5W7Hvzpa/SLYdxNtng+gcurvrI7TbACjIXlsJyr05/S1oUhZrc63evQA==
    dependencies:
      buffer-equal-constant-time "1.0.1"
      ecdsa-sig-formatter "1.0.11"
      safe-buffer "^5.0.1"
  
  jws@3.x.x:
    version "3.2.2"
    resolved "https://registry.yarnpkg.com/jws/-/jws-3.2.2.tgz#001099f3639468c9414000e99995fa52fb478304"
    integrity sha512-YHlZCB6lMTllWDtSPHz/ZXTsi8S00usEV6v1tjq8tOUZzw7DpSDWVXjXDre6ed1w/pd495ODpHZYSdkRTsa0HA==
    dependencies:
      jwa "^1.4.1"
      safe-buffer "^5.0.1"
  
  lodash@^4.17.14:
    version "4.17.21"
    resolved "https://registry.yarnpkg.com/lodash/-/lodash-4.17.21.tgz#679591c564c3bffaae8454cf0b3df370c3d6911c"
    integrity sha512-v2kDEe57lecTulaDIuNTPy3Ry4gLGJ6Z1O3vE1krgXZNrsQ+LFTGHVxVjcXPs17LhbZVGedAJv8XZ1tvj5FvSg==
  
  lru-cache@^6.0.0:
    version "6.0.0"
    resolved "https://registry.yarnpkg.com/lru-cache/-/lru-cache-6.0.0.tgz#6d6fe6570ebd96aaf90fcad1dafa3b2566db3a94"
    integrity sha512-Jo6dJ04CmSjuznwJSS3pUeWmd/H0ffTlkXXgwZi+eq1UCmqQwCh+eLsYOYCwY991i2Fah4h1BEMCx4qThGbsiA==
    dependencies:
      yallist "^4.0.0"
  
  md5.js@^1.3.4:
    version "1.3.5"
    resolved "https://registry.yarnpkg.com/md5.js/-/md5.js-1.3.5.tgz#b5d07b8e3216e3e27cd728d72f70d1e6a342005f"
    integrity sha512-xitP+WxNPcTTOgnTJcrhM0xvdPepipPSf3I8EIpGKeFLjt3PlJLIDG3u8EX53ZIubkb+5U2+3rELYpEhHhzdkg==
    dependencies:
      hash-base "^3.0.0"
      inherits "^2.0.1"
      safe-buffer "^5.1.2"
  
  merge2@^1.3.0, merge2@^1.4.1:
    version "1.4.1"
    resolved "https://registry.yarnpkg.com/merge2/-/merge2-1.4.1.tgz#4368892f885e907455a6fd7dc55c0c9d404990ae"
    integrity sha512-8q7VEgMJW4J8tcfVPy8g09NcQwZdbwFEqhe/WZkoIzjn/3TGDwtOCYtXGxA3O8tPzpczCCDgv+P2P5y00ZJOOg==
  
  micromatch@^4.0.4:
    version "4.0.5"
    resolved "https://registry.yarnpkg.com/micromatch/-/micromatch-4.0.5.tgz#bc8999a7cbbf77cdc89f132f6e467051b49090c6"
    integrity sha512-DMy+ERcEW2q8Z2Po+WNXuw3c5YaUSFjAO5GsJqfEl7UjvtIuFKO6ZrKvcItdy98dwFI2N1tg3zNIdKaQT+aNdA==
    dependencies:
      braces "^3.0.2"
      picomatch "^2.3.1"
  
  mime-db@1.52.0:
    version "1.52.0"
    resolved "https://registry.yarnpkg.com/mime-db/-/mime-db-1.52.0.tgz#bbabcdc02859f4987301c856e3387ce5ec43bf70"
    integrity sha512-sPU4uV7dYlvtWJxwwxHD0PuihVNiE7TyAbQ5SWxDCB9mUYvOgroQOwYQQOKPJ8CIbE+1ETVlOoK1UC2nU3gYvg==
  
  mime-types@^2.1.12, mime-types@~2.1.19:
    version "2.1.35"
    resolved "https://registry.yarnpkg.com/mime-types/-/mime-types-2.1.35.tgz#381a871b62a734450660ae3deee44813f70d959a"
    integrity sha512-ZDY+bPm5zTTF+YpCrAU9nK0UgICYPT0QtT1NZWFv4s++TNkcgVaT0g6+4R2uI4MjQjzysHB1zxuWL50hzaeXiw==
    dependencies:
      mime-db "1.52.0"
  
  mime@^1.6.0:
    version "1.6.0"
    resolved "https://registry.yarnpkg.com/mime/-/mime-1.6.0.tgz#32cd9e5c64553bd58d19a568af452acff04981b1"
    integrity sha512-x0Vn8spI+wuJ1O6S7gnbaQg8Pxh4NNHb7KSINmEWKiPE4RKOplvijn+NkmYmmRgP68mc70j2EbeTFRsrswaQeg==
  
  moment@^2.21.0, moment@^2.22.2:
    version "2.29.4"
    resolved "https://registry.yarnpkg.com/moment/-/moment-2.29.4.tgz#3dbe052889fe7c1b2ed966fcb3a77328964ef108"
    integrity sha512-5LC9SOxjSc2HF6vO2CyuTDNivEdoz2IvyJJGj6X8DJ0eFyfszE0QiEd+iXmBvUP3WHxSjFH/vIsA0EN00cgr8w==
  
  mpns@2.1.3:
    version "2.1.3"
    resolved "https://registry.yarnpkg.com/mpns/-/mpns-2.1.3.tgz#4328bb23ca79669e3383389074c898713e22ccb9"
    integrity sha512-gPLNoVqwYoKUmNYZ2shMSdaE2XvHSRxWNzyG4DUi6Av7MSujyeOw/nj61nnQeuV/vke5E0Dni468xn0qxTHIZQ==
  
  ms-rest-azure@^2.0.0, ms-rest-azure@^2.3.3, ms-rest-azure@^2.5.0, ms-rest-azure@^2.5.5, ms-rest-azure@^2.5.6, ms-rest-azure@^2.6.0:
    version "2.6.2"
    resolved "https://registry.yarnpkg.com/ms-rest-azure/-/ms-rest-azure-2.6.2.tgz#65a08799adb417678ce5722669bc15ca740b429e"
    integrity sha512-h74ezkiMQ1y8tD0kf0MK2kdCONAP70i032Dt8kBrFsvj3ZqGRj+DHHNRCGLDfkBkSXhILGMeiF8Ji/iSCUJLJg==
    dependencies:
      adal-node "^0.2.2"
      async "^2.6.4"
      ms-rest "^2.3.2"
      request "^2.88.0"
      uuid "^3.2.1"
  
  ms-rest@^2.0.0, ms-rest@^2.2.2, ms-rest@^2.3.0, ms-rest@^2.3.2, ms-rest@^2.3.3, ms-rest@^2.3.4, ms-rest@^2.5.0:
    version "2.5.6"
    resolved "https://registry.yarnpkg.com/ms-rest/-/ms-rest-2.5.6.tgz#14de759426438ea038c3eb278b664740ae60d6d9"
    integrity sha512-3Scy/pF43wqPEPeJxhOsLs16m6Rt+9zqf+jKdg+guuonytKmFSxerQM2exlQIDTqFVTsLXrPEGFWTGSwivRRkA==
    dependencies:
      ajv "6.12.3"
      duplexer "^0.1.1"
      http-signature "1.3.6"
      is-buffer "^1.1.6"
      is-stream "^1.1.0"
      moment "^2.21.0"
      request "^2.88.2"
      through "^2.3.8"
      tunnel "0.0.5"
      uuid "^3.2.1"
  
  ms@2.1.2:
    version "2.1.2"
    resolved "https://registry.yarnpkg.com/ms/-/ms-2.1.2.tgz#d09d1f357b443f493382a8eb3ccd183872ae6009"
    integrity sha512-sGkPx+VjMtmA6MX27oA4FBFELFCZZ4S4XqeGOXCv68tT+jb3vk/RyaKWP0PTKyWtmLSM0b+adUTEvbs1PEaH2w==
  
  node-fetch@^2.6.7:
    version "2.6.7"
    resolved "https://registry.yarnpkg.com/node-fetch/-/node-fetch-2.6.7.tgz#24de9fba827e3b4ae44dc8b20256a379160052ad"
    integrity sha512-ZjMPFEfVx5j+y2yF35Kzx5sF7kDzxuDj6ziH4FFbOp87zKDZNx8yExJIb05OGF4Nlt9IHFIMBkRl41VdvcNdbQ==
    dependencies:
      whatwg-url "^5.0.0"
  
  oauth-sign@~0.9.0:
    version "0.9.0"
    resolved "https://registry.yarnpkg.com/oauth-sign/-/oauth-sign-0.9.0.tgz#47a7b016baa68b5fa0ecf3dee08a85c679ac6455"
    integrity sha512-fexhUFFPTGV8ybAtSIGbV6gOkSv8UtRbDBnAyLQw4QPKkgNlsH2ByPGtMUqdWkos6YCRmAqViwgZrJc/mRDzZQ==
  
  path-type@^4.0.0:
    version "4.0.0"
    resolved "https://registry.yarnpkg.com/path-type/-/path-type-4.0.0.tgz#84ed01c0a7ba380afe09d90a8c180dcd9d03043b"
    integrity sha512-gDKb8aZMDeD/tZWs9P6+q0J9Mwkdl6xMV8TjnGP3qJVJ06bdMgkbBlLU8IdfOsIsFz2BW1rNVT3XuNEl8zPAvw==
  
  performance-now@^2.1.0:
    version "2.1.0"
    resolved "https://registry.yarnpkg.com/performance-now/-/performance-now-2.1.0.tgz#6309f4e0e5fa913ec1c69307ae364b4b377c9e7b"
    integrity sha512-7EAHlyLHI56VEIdK57uwHdHKIaAGbnXPiw0yWbarQZOKaKpvUIgW0jWRVLiatnM+XXlSwsanIBH/hzGMJulMow==
  
  picomatch@^2.3.1:
    version "2.3.1"
    resolved "https://registry.yarnpkg.com/picomatch/-/picomatch-2.3.1.tgz#3ba3833733646d9d3e4995946c1365a67fb07a42"
    integrity sha512-JU3teHTNjmE2VCGFzuY8EXzCDVwEqB2a8fsIvwaStHhAWJEeVd1o1QD80CU6+ZdEXXSLbSsuLwJjkCBWqRQUVA==
  
  process-nextick-args@~2.0.0:
    version "2.0.1"
    resolved "https://registry.yarnpkg.com/process-nextick-args/-/process-nextick-args-2.0.1.tgz#7820d9b16120cc55ca9ae7792680ae7dba6d7fe2"
    integrity sha512-3ouUOpQhtgrbOa17J7+uxOTpITYWaGP7/AhoR3+A+/1e9skrzelGi/dXzEYyvbxubEF6Wn2ypscTKiKJFFn1ag==
  
  process@^0.11.10:
    version "0.11.10"
    resolved "https://registry.yarnpkg.com/process/-/process-0.11.10.tgz#7332300e840161bda3e69a1d1d91a7d4bc16f182"
    integrity sha512-cdGef/drWFoydD1JsMzuFf8100nZl+GT+yacc2bEced5f9Rjk4z+WtFUTBu9PhOi9j/jfmBPu0mMEY4wIdAF8A==
  
  psl@^1.1.28, psl@^1.1.33:
    version "1.9.0"
    resolved "https://registry.yarnpkg.com/psl/-/psl-1.9.0.tgz#d0df2a137f00794565fcaf3b2c00cd09f8d5a5a7"
    integrity sha512-E/ZsdU4HLs/68gYzgGTkMicWTLPdAftJLfJFlLUAAKZGkStNU72sZjT66SnMDVOfOWY/YAoiD7Jxa9iHvngcag==
  
  punycode@^2.1.0, punycode@^2.1.1:
    version "2.1.1"
    resolved "https://registry.yarnpkg.com/punycode/-/punycode-2.1.1.tgz#b58b010ac40c22c5657616c8d2c2c02c7bf479ec"
    integrity sha512-XRsRjdf+j5ml+y/6GKHPZbrF/8p2Yga0JPtdqTIY2Xe5ohJPD9saDJJLPvp9+NSBprVvevdXZybnj2cv8OEd0A==
  
  qs@~6.5.2:
    version "6.5.3"
    resolved "https://registry.yarnpkg.com/qs/-/qs-6.5.3.tgz#3aeeffc91967ef6e35c0e488ef46fb296ab76aad"
    integrity sha512-qxXIEh4pCGfHICj1mAJQ2/2XVZkjCDTcEgfoSQxc/fYivUZxTkk7L3bDBJSoNrEzXI17oUO5Dp07ktqE5KzczA==
  
  querystringify@^2.1.1:
    version "2.2.0"
    resolved "https://registry.yarnpkg.com/querystringify/-/querystringify-2.2.0.tgz#3345941b4153cb9d082d8eee4cda2016a9aef7f6"
    integrity sha512-FIqgj2EUvTa7R50u0rGsyTftzjYmv/a3hO345bZNrqabNqjtgiDMgmo4mkUjd+nzU5oF3dClKqFIPUKybUyqoQ==
  
  queue-microtask@^1.2.2:
    version "1.2.3"
    resolved "https://registry.yarnpkg.com/queue-microtask/-/queue-microtask-1.2.3.tgz#4929228bbc724dfac43e0efb058caf7b6cfb6243"
    integrity sha512-NuaNSa6flKT5JaSYQzJok04JzTL1CA6aGhv5rfLW3PgqA+M2ChpZQnAC8h8i4ZFkBS8X5RqkDBHA7r4hej3K9A==
  
  readable-stream@^2.0.0:
    version "2.3.7"
    resolved "https://registry.yarnpkg.com/readable-stream/-/readable-stream-2.3.7.tgz#1eca1cf711aef814c04f62252a36a62f6cb23b57"
    integrity sha512-Ebho8K4jIbHAxnuxi7o42OrZgF/ZTNcsZj6nRKyUmkhLFq8CHItp/fy6hQZuZmP/n3yZ9VBUbp4zz/mX8hmYPw==
    dependencies:
      core-util-is "~1.0.0"
      inherits "~2.0.3"
      isarray "~1.0.0"
      process-nextick-args "~2.0.0"
      safe-buffer "~5.1.1"
      string_decoder "~1.1.1"
      util-deprecate "~1.0.1"
  
  readable-stream@^3.6.0:
    version "3.6.0"
    resolved "https://registry.yarnpkg.com/readable-stream/-/readable-stream-3.6.0.tgz#337bbda3adc0706bd3e024426a286d4b4b2c9198"
    integrity sha512-BViHy7LKeTz4oNnkcLJ+lVSL6vpiFeX6/d3oSH8zCW7UxP2onchk+vTGB143xuFjHS3deTgkKoXXymXqymiIdA==
    dependencies:
      inherits "^2.0.3"
      string_decoder "^1.1.1"
      util-deprecate "^1.0.1"
  
  request@^2.81.0, request@^2.86.0, request@^2.88.0, request@^2.88.2:
    version "2.88.2"
    resolved "https://registry.yarnpkg.com/request/-/request-2.88.2.tgz#d73c918731cb5a87da047e207234146f664d12b3"
    integrity sha512-MsvtOrfG9ZcrOwAW+Qi+F6HbD0CWXEh9ou77uOb7FM2WPhwT7smM833PzanhJLsgXjN89Ir6V2PczXNnMpwKhw==
    dependencies:
      aws-sign2 "~0.7.0"
      aws4 "^1.8.0"
      caseless "~0.12.0"
      combined-stream "~1.0.6"
      extend "~3.0.2"
      forever-agent "~0.6.1"
      form-data "~2.3.2"
      har-validator "~5.1.3"
      http-signature "~1.2.0"
      is-typedarray "~1.0.0"
      isstream "~0.1.2"
      json-stringify-safe "~5.0.1"
      mime-types "~2.1.19"
      oauth-sign "~0.9.0"
      performance-now "^2.1.0"
      qs "~6.5.2"
      safe-buffer "^5.1.2"
      tough-cookie "~2.5.0"
      tunnel-agent "^0.6.0"
      uuid "^3.3.2"
  
  requires-port@^1.0.0:
    version "1.0.0"
    resolved "https://registry.yarnpkg.com/requires-port/-/requires-port-1.0.0.tgz#925d2601d39ac485e091cf0da5c6e694dc3dcaff"
    integrity sha512-KigOCHcocU3XODJxsu8i/j8T9tzT4adHiecwORRQ0ZZFcp7ahwXuRU1m+yuO90C5ZUyGeGfocHDI14M3L3yDAQ==
  
  reusify@^1.0.4:
    version "1.0.4"
    resolved "https://registry.yarnpkg.com/reusify/-/reusify-1.0.4.tgz#90da382b1e126efc02146e90845a88db12925d76"
    integrity sha512-U9nH88a3fc/ekCF1l0/UP1IosiuIjyTh7hBvXVMHYgVcfGvt897Xguj2UOLDeI5BG2m7/uwyaLVT6fbtCwTyzw==
  
  run-parallel@^1.1.9:
    version "1.2.0"
    resolved "https://registry.yarnpkg.com/run-parallel/-/run-parallel-1.2.0.tgz#66d1368da7bdf921eb9d95bd1a9229e7f21a43ee"
    integrity sha512-5l4VyZR86LZ/lDxZTR6jqL8AFE2S0IFLMP26AbjsLVADxHdhB/c0GUsH+y39UfCi3dzz8OlQuPmnaJOMoDHQBA==
    dependencies:
      queue-microtask "^1.2.2"
  
  safe-buffer@^5.0.1, safe-buffer@^5.1.2, safe-buffer@^5.2.0, safe-buffer@~5.2.0:
    version "5.2.1"
    resolved "https://registry.yarnpkg.com/safe-buffer/-/safe-buffer-5.2.1.tgz#1eaf9fa9bdb1fdd4ec75f58f9cdb4e6b7827eec6"
    integrity sha512-rp3So07KcdmmKbGvgaNxQSJr7bGVSVk5S9Eq1F+ppbRo70+YeaDxkw5Dd8NPN+GD6bjnYm2VuPuCXmpuYvmCXQ==
  
  safe-buffer@~5.1.0, safe-buffer@~5.1.1:
    version "5.1.2"
    resolved "https://registry.yarnpkg.com/safe-buffer/-/safe-buffer-5.1.2.tgz#991ec69d296e0313747d59bdfd2b745c35f8828d"
    integrity sha512-Gd2UZBJDkXlY7GbJxfsE8/nvKkUEU1G38c1siN6QP6a9PT9MmHB8GnpscSmMJSoF8LOIrt8ud/wPtojys4G6+g==
  
  safer-buffer@^2.0.2, safer-buffer@^2.1.0, safer-buffer@~2.1.0:
    version "2.1.2"
    resolved "https://registry.yarnpkg.com/safer-buffer/-/safer-buffer-2.1.2.tgz#44fa161b0187b9549dd84bb91802f9bd8385cd6a"
    integrity sha512-YZo3K82SD7Riyi0E1EQPojLz7kpepnSQI9IyPbHHg1XXXevb5dJI7tpyN2ADxGcQbHG7vcyRHk0cbwqcQriUtg==
  
  sax@0.5.x:
    version "0.5.8"
    resolved "https://registry.yarnpkg.com/sax/-/sax-0.5.8.tgz#d472db228eb331c2506b0e8c15524adb939d12c1"
    integrity sha512-c0YL9VcSfcdH3F1Qij9qpYJFpKFKMXNOkLWFssBL3RuF7ZS8oZhllR2rWlCRjDTJsfq3R6wbSsaRU6o0rkEdNw==
  
  sax@>=0.6.0:
    version "1.2.4"
    resolved "https://registry.yarnpkg.com/sax/-/sax-1.2.4.tgz#2816234e2378bddc4e5354fab5caa895df7100d9"
    integrity sha512-NqVDv9TpANUjFm0N8uM5GxL36UgKi9/atZw+x7YFnQ8ckwFGKrl4xX4yWtrey3UJm5nP1kUbnYgLopqWNSRhWw==
  
  semver@^7.3.7:
    version "7.3.8"
    resolved "https://registry.yarnpkg.com/semver/-/semver-7.3.8.tgz#07a78feafb3f7b32347d725e33de7e2a2df67798"
    integrity sha512-NB1ctGL5rlHrPJtFDVIVzTyQylMLu9N9VICA6HSFJo8MCGVTMW6gfpicwKmmK/dAjTOrqu5l63JJOpDSrAis3A==
    dependencies:
      lru-cache "^6.0.0"
  
  slash@^3.0.0:
    version "3.0.0"
    resolved "https://registry.yarnpkg.com/slash/-/slash-3.0.0.tgz#6539be870c165adbd5240220dbe361f1bc4d4634"
    integrity sha512-g9Q1haeby36OSStwb4ntCGGGaKsaVSjQ68fBxoQcutl5fS1vuY18H3wSt3jFyFtrkx+Kz0V1G85A4MyAdDMi2Q==
  
  sshpk@^1.14.1, sshpk@^1.7.0:
    version "1.17.0"
    resolved "https://registry.yarnpkg.com/sshpk/-/sshpk-1.17.0.tgz#578082d92d4fe612b13007496e543fa0fbcbe4c5"
    integrity sha512-/9HIEs1ZXGhSPE8X6Ccm7Nam1z8KcoCqPdI7ecm1N33EzAetWahvQWVqLZtaZQ+IDKX4IyA2o0gBzqIMkAagHQ==
    dependencies:
      asn1 "~0.2.3"
      assert-plus "^1.0.0"
      bcrypt-pbkdf "^1.0.0"
      dashdash "^1.12.0"
      ecc-jsbn "~0.1.1"
      getpass "^0.1.1"
      jsbn "~0.1.0"
      safer-buffer "^2.0.2"
      tweetnacl "~0.14.0"
  
  string_decoder@^1.1.1:
    version "1.3.0"
    resolved "https://registry.yarnpkg.com/string_decoder/-/string_decoder-1.3.0.tgz#42f114594a46cf1a8e30b0a84f56c78c3edac21e"
    integrity sha512-hkRX8U1WjJFd8LsDJ2yQ/wWWxaopEsABU1XfkM8A+j0+85JAGppt16cr1Whg6KIbb4okU6Mql6BOj+uup/wKeA==
    dependencies:
      safe-buffer "~5.2.0"
  
  string_decoder@~1.1.1:
    version "1.1.1"
    resolved "https://registry.yarnpkg.com/string_decoder/-/string_decoder-1.1.1.tgz#9cf1611ba62685d7030ae9e4ba34149c3af03fc8"
    integrity sha512-n/ShnvDi6FHbbVfviro+WojiFzv+s8MPMHBczVePfUpDJLwoLT0ht1l4YwBCbi8pJAveEEdnkHyPyTP/mzRfwg==
    dependencies:
      safe-buffer "~5.1.0"
  
  through@^2.3.8, through@~2.3.4:
    version "2.3.8"
    resolved "https://registry.yarnpkg.com/through/-/through-2.3.8.tgz#0dd4c9ffaabc357960b1b724115d7e0e86a2e1f5"
    integrity sha512-w89qg7PI8wAdvX60bMDP+bFoD5Dvhm9oLheFp5O4a2QF0cSBGsBX4qZmadPMvVqlLJBBci+WqGGOAPvcDeNSVg==
  
  to-regex-range@^5.0.1:
    version "5.0.1"
    resolved "https://registry.yarnpkg.com/to-regex-range/-/to-regex-range-5.0.1.tgz#1648c44aae7c8d988a326018ed72f5b4dd0392e4"
    integrity sha512-65P7iz6X5yEr1cwcgvQxbbIw7Uk3gOy5dIdtZ4rDveLqhrdJP+Li/Hx6tyK0NEb+2GCyneCMJiGqrADCSNk8sQ==
    dependencies:
      is-number "^7.0.0"
  
  tough-cookie@^4.0.0:
    version "4.1.2"
    resolved "https://registry.yarnpkg.com/tough-cookie/-/tough-cookie-4.1.2.tgz#e53e84b85f24e0b65dd526f46628db6c85f6b874"
    integrity sha512-G9fqXWoYFZgTc2z8Q5zaHy/vJMjm+WV0AkAeHxVCQiEB1b+dGvWzFW6QV07cY5jQ5gRkeid2qIkzkxUnmoQZUQ==
    dependencies:
      psl "^1.1.33"
      punycode "^2.1.1"
      universalify "^0.2.0"
      url-parse "^1.5.3"
  
  tough-cookie@~2.5.0:
    version "2.5.0"
    resolved "https://registry.yarnpkg.com/tough-cookie/-/tough-cookie-2.5.0.tgz#cd9fb2a0aa1d5a12b473bd9fb96fa3dcff65ade2"
    integrity sha512-nlLsUzgm1kfLXSXfRZMc1KLAugd4hqJHDTvc2hDIwS3mZAfMEuMbc03SujMF+GEcpaX/qboeycw6iO8JwVv2+g==
    dependencies:
      psl "^1.1.28"
      punycode "^2.1.1"
  
  tr46@~0.0.3:
    version "0.0.3"
    resolved "https://registry.yarnpkg.com/tr46/-/tr46-0.0.3.tgz#8184fd347dac9cdc185992f3a6622e14b9d9ab6a"
    integrity sha512-N3WMsuqV66lT30CrXNbEjx4GEwlow3v6rr4mCcv6prnfwhS01rkgyFdjPNBYd9br7LpXV1+Emh01fHnq2Gdgrw==
  
  tslib@^1.8.1:
    version "1.14.1"
    resolved "https://registry.yarnpkg.com/tslib/-/tslib-1.14.1.tgz#cf2d38bdc34a134bcaf1091c41f6619e2f672d00"
    integrity sha512-Xni35NKzjgMrwevysHTCArtLDpPvye8zV/0E4EyYn43P7/7qvQwPh9BGkHewbMulVntbigmcT7rdX3BNo9wRJg==
  
  tslib@^2.2.0:
    version "2.4.1"
    resolved "https://registry.yarnpkg.com/tslib/-/tslib-2.4.1.tgz#0d0bfbaac2880b91e22df0768e55be9753a5b17e"
    integrity sha512-tGyy4dAjRIEwI7BzsB0lynWgOpfqjUdq91XXAlIWD2OwKBH7oCl/GZG/HT4BOHrTlPMOASlMQ7veyTqpmRcrNA==
  
  tsutils@^3.21.0:
    version "3.21.0"
    resolved "https://registry.yarnpkg.com/tsutils/-/tsutils-3.21.0.tgz#b48717d394cea6c1e096983eed58e9d61715b623"
    integrity sha512-mHKK3iUXL+3UF6xL5k0PEhKRUBKPBCv/+RkEOpjRWxxx27KKRBmmA60A9pgOUvMi8GKhRMPEmjBRPzs2W7O1OA==
    dependencies:
      tslib "^1.8.1"
  
  tunnel-agent@^0.6.0:
    version "0.6.0"
    resolved "https://registry.yarnpkg.com/tunnel-agent/-/tunnel-agent-0.6.0.tgz#27a5dea06b36b04a0a9966774b290868f0fc40fd"
    integrity sha512-McnNiV1l8RYeY8tBgEpuodCC1mLUdbSN+CYBL7kJsJNInOP8UjDDEwdk6Mw60vdLLrr5NHKZhMAOSrR2NZuQ+w==
    dependencies:
      safe-buffer "^5.0.1"
  
  tunnel@0.0.5:
    version "0.0.5"
    resolved "https://registry.yarnpkg.com/tunnel/-/tunnel-0.0.5.tgz#d1532254749ed36620fcd1010865495a1fa9d0ae"
    integrity sha512-gj5sdqherx4VZKMcBA4vewER7zdK25Td+z1npBqpbDys4eJrLx+SlYjJvq1bDXs2irkuJM5pf8ktaEQVipkrbA==
  
  tunnel@^0.0.6, tunnel@~0.0.2:
    version "0.0.6"
    resolved "https://registry.yarnpkg.com/tunnel/-/tunnel-0.0.6.tgz#72f1314b34a5b192db012324df2cc587ca47f92c"
    integrity sha512-1h/Lnq9yajKY2PEbBadPXj3VxsDDu844OnaAo52UVmIzIvwwtBPIuNvkjuzBlTWpfJyUbG3ez0KSBibQkj4ojg==
  
  tweetnacl@^0.14.3, tweetnacl@~0.14.0:
    version "0.14.5"
    resolved "https://registry.yarnpkg.com/tweetnacl/-/tweetnacl-0.14.5.tgz#5ae68177f192d4456269d108afa93ff8743f4f64"
    integrity sha512-KXXFFdAbFXY4geFIwoyNK+f5Z1b7swfXABfL7HXCmoIWMKU3dmS26672A4EeQtDzLKy7SXmfBu51JolvEKwtGA==
  
  typescript@^4.9.4:
    version "4.9.4"
    resolved "https://registry.yarnpkg.com/typescript/-/typescript-4.9.4.tgz#a2a3d2756c079abda241d75f149df9d561091e78"
    integrity sha512-Uz+dTXYzxXXbsFpM86Wh3dKCxrQqUcVMxwU54orwlJjOpO3ao8L7j5lH+dWfTwgCwIuM9GQ2kvVotzYJMXTBZg==
  
  underscore@1.4.x:
    version "1.4.4"
    resolved "https://registry.yarnpkg.com/underscore/-/underscore-1.4.4.tgz#61a6a32010622afa07963bf325203cf12239d604"
    integrity sha512-ZqGrAgaqqZM7LGRzNjLnw5elevWb5M8LEoDMadxIW3OWbcv72wMMgKdwOKpd5Fqxe8choLD8HN3iSj3TUh/giQ==
  
  underscore@1.8.3:
    version "1.8.3"
    resolved "https://registry.yarnpkg.com/underscore/-/underscore-1.8.3.tgz#4f3fb53b106e6097fcf9cb4109f2a5e9bdfa5022"
    integrity sha512-5WsVTFcH1ut/kkhAaHf4PVgI8c7++GiVcpCGxPouI6ZVjsqPnSDf8h/8HtVqc0t4fzRXwnMK70EcZeAs3PIddg==
  
  "underscore@>= 1.3.1", underscore@^1.12.1, underscore@^1.13.1, underscore@^1.8.3:
    version "1.13.6"
    resolved "https://registry.yarnpkg.com/underscore/-/underscore-1.13.6.tgz#04786a1f589dc6c09f761fc5f45b89e935136441"
    integrity sha512-+A5Sja4HP1M08MaXya7p5LvjuM7K6q/2EaC0+iovj/wOcMsTzMvDFbasi/oSapiwOlt252IqsKqPjCl7huKS0A==
  
  universalify@^0.2.0:
    version "0.2.0"
    resolved "https://registry.yarnpkg.com/universalify/-/universalify-0.2.0.tgz#6451760566fa857534745ab1dde952d1b1761be0"
    integrity sha512-CJ1QgKmNg3CwvAv/kOFmtnEN05f0D/cn9QntgNOQlQF9dgvVTHj3t+8JPdjqawCHk7V/KA+fbUqzZ9XWhcqPUg==
  
  uri-js@^4.2.2:
    version "4.4.1"
    resolved "https://registry.yarnpkg.com/uri-js/-/uri-js-4.4.1.tgz#9b1a52595225859e55f669d928f88c6c57f2a77e"
    integrity sha512-7rKUyy33Q1yc98pQ1DAmLtwX109F7TIfWlW1Ydo8Wl1ii1SeHieeh0HHfPeL2fMXK6z0s8ecKs9frCuLJvndBg==
    dependencies:
      punycode "^2.1.0"
  
  url-parse@^1.5.3:
    version "1.5.10"
    resolved "https://registry.yarnpkg.com/url-parse/-/url-parse-1.5.10.tgz#9d3c2f736c1d75dd3bd2be507dcc111f1e2ea9c1"
    integrity sha512-WypcfiRhfeUP9vvF0j6rw0J3hrWrw6iZv3+22h6iRMJ/8z1Tj6XfLP4DsUix5MhMPnXpiHDoKyoZ/bdCkwBCiQ==
    dependencies:
      querystringify "^2.1.1"
      requires-port "^1.0.0"
  
  util-deprecate@^1.0.1, util-deprecate@~1.0.1:
    version "1.0.2"
    resolved "https://registry.yarnpkg.com/util-deprecate/-/util-deprecate-1.0.2.tgz#450d4dc9fa70de732762fbd2d4a28981419a0ccf"
    integrity sha512-EPD5q1uXyFxJpCrLnCc1nHnq3gOa6DZBocAIiI2TaSCA7VCJ1UJDMagCzIkXNsUYfD1daK//LTEQ8xiIbrHtcw==
  
  uuid@^3.0.0, uuid@^3.0.1, uuid@^3.1.0, uuid@^3.2.1, uuid@^3.3.2:
    version "3.4.0"
    resolved "https://registry.yarnpkg.com/uuid/-/uuid-3.4.0.tgz#b23e4358afa8a202fe7a100af1f5f883f02007ee"
    integrity sha512-HjSDRw6gZE5JMggctHBcjVak08+KEVhSIiDzFnT9S9aegmp85S/bReBVTb4QTFaRNptJ9kuYaNhnbNEOkbKb/A==
  
  uuid@^8.3.0:
    version "8.3.2"
    resolved "https://registry.yarnpkg.com/uuid/-/uuid-8.3.2.tgz#80d5b5ced271bb9af6c445f21a1a04c606cefbe2"
    integrity sha512-+NYs2QeMWy+GWFOEm9xnn6HCDp0l7QBD7ml8zLUmJ+93Q5NF0NocErnwkTkXVFNiX3/fpC6afS8Dhb/gz7R7eg==
  
  uuid@^9.0.0:
    version "9.0.0"
    resolved "https://registry.yarnpkg.com/uuid/-/uuid-9.0.0.tgz#592f550650024a38ceb0c562f2f6aa435761efb5"
    integrity sha512-MXcSTerfPa4uqyzStbRoTgt5XIe3x5+42+q1sDuy3R5MDk66URdLMOZe5aPX/SQd+kuYAh0FdP/pO28IkQyTeg==
  
  validator@13.7.0, validator@^13.7.0:
    version "13.7.0"
    resolved "https://registry.yarnpkg.com/validator/-/validator-13.7.0.tgz#4f9658ba13ba8f3d82ee881d3516489ea85c0857"
    integrity sha512-nYXQLCBkpJ8X6ltALua9dRrZDHVYxjJ1wgskNt1lH9fzGjs3tgojGSCBjmEPwkWS1y29+DrizMTW19Pr9uB2nw==
  
  verror@1.10.0:
    version "1.10.0"
    resolved "https://registry.yarnpkg.com/verror/-/verror-1.10.0.tgz#3a105ca17053af55d6e270c1f8288682e18da400"
    integrity sha512-ZZKSmDAEFOijERBLkmYfJ+vmk3w+7hOLYDNkRCuRuMJGEmqYNCNLyBBFwWKVMhfwaEF3WOd0Zlw86U/WC/+nYw==
    dependencies:
      assert-plus "^1.0.0"
      core-util-is "1.0.2"
      extsprintf "^1.2.0"
  
  webidl-conversions@^3.0.0:
    version "3.0.1"
    resolved "https://registry.yarnpkg.com/webidl-conversions/-/webidl-conversions-3.0.1.tgz#24534275e2a7bc6be7bc86611cc16ae0a5654871"
    integrity sha512-2JAn3z8AR6rjK8Sm8orRC0h/bcl/DqL7tRPdGZ4I1CjdF+EaMLmYxBHyXuKL849eucPFhvBoxMsflfOb8kxaeQ==
  
  whatwg-url@^5.0.0:
    version "5.0.0"
    resolved "https://registry.yarnpkg.com/whatwg-url/-/whatwg-url-5.0.0.tgz#966454e8765462e37644d3626f6742ce8b70965d"
    integrity sha512-saE57nupxk6v3HY35+jzBwYa0rKSy0XR8JSxZPwgLr7ys0IBzhGviA1/TUGJLmSVqs8pb9AnvICXEuOHLprYTw==
    dependencies:
      tr46 "~0.0.3"
      webidl-conversions "^3.0.0"
  
  wns@~0.5.3:
    version "0.5.4"
    resolved "https://registry.yarnpkg.com/wns/-/wns-0.5.4.tgz#ad8e2ee60e675557da9610d94444a7f59eceaf78"
    integrity sha512-WYiJ7khIwUGBD5KAm+YYmwJDDRzFRs4YGAjtbFSoRIdbn9Jcix3p9khJmpvBTXGommaKkvduAn+pc9l4d9yzVQ==
  
  xml2js@^0.4.19:
    version "0.4.23"
    resolved "https://registry.yarnpkg.com/xml2js/-/xml2js-0.4.23.tgz#a0c69516752421eb2ac758ee4d4ccf58843eac66"
    integrity sha512-ySPiMjM0+pLDftHgXY4By0uswI3SPKLDw/i3UXbnO8M/p28zqexCUoPmQFrYD+/1BzhGJSs2i1ERWKJAtiLrug==
    dependencies:
      sax ">=0.6.0"
      xmlbuilder "~11.0.0"
  
  xml2js@~0.2.8:
    version "0.2.8"
    resolved "https://registry.yarnpkg.com/xml2js/-/xml2js-0.2.8.tgz#9b81690931631ff09d1957549faf54f4f980b3c2"
    integrity sha512-ZHZBIAO55GHCn2jBYByVPHvHS+o3j8/a/qmpEe6kxO3cTnTCWC3Htq9RYJ5G4XMwMMClD2QkXA9SNdPadLyn3Q==
    dependencies:
      sax "0.5.x"
  
  xmlbuilder@15.1.1:
    version "15.1.1"
    resolved "https://registry.yarnpkg.com/xmlbuilder/-/xmlbuilder-15.1.1.tgz#9dcdce49eea66d8d10b42cae94a79c3c8d0c2ec5"
    integrity sha512-yMqGBqtXyeN1e3TGYvgNgDVZ3j84W4cwkOXQswghol6APgZWaff9lnbvN7MHYJOiXsvGPXtjTYJEiC9J2wv9Eg==
  
  xmlbuilder@^9.0.7:
    version "9.0.7"
    resolved "https://registry.yarnpkg.com/xmlbuilder/-/xmlbuilder-9.0.7.tgz#132ee63d2ec5565c557e20f4c22df9aca686b10d"
    integrity sha512-7YXTQc3P2l9+0rjaUbLwMKRhtmwg1M1eDf6nag7urC7pIPYLD9W/jmzQ4ptRSUbodw5S0jfoGTflLemQibSpeQ==
  
  xmlbuilder@~11.0.0:
    version "11.0.1"
    resolved "https://registry.yarnpkg.com/xmlbuilder/-/xmlbuilder-11.0.1.tgz#be9bae1c8a046e76b31127726347d0ad7002beb3"
    integrity sha512-fDlsI/kFEx7gLvbecc0/ohLG50fugQp8ryHzMTuW9vSa1GJ0XYWKnhsUx7oie3G98+r56aTQIUB4kht42R3JvA==
  
  xpath.js@~1.1.0:
    version "1.1.0"
    resolved "https://registry.yarnpkg.com/xpath.js/-/xpath.js-1.1.0.tgz#3816a44ed4bb352091083d002a383dd5104a5ff1"
    integrity sha512-jg+qkfS4K8E7965sqaUl8mRngXiKb3WZGfONgE18pr03FUQiuSV6G+Ej4tS55B+rIQSFEIw3phdVAQ4pPqNWfQ==
  
  yallist@^4.0.0:
    version "4.0.0"
    resolved "https://registry.yarnpkg.com/yallist/-/yallist-4.0.0.tgz#9bb92790d9c0effec63be73519e11a35019a3a72"
    integrity sha512-3wdGidZyq5PB084XLES5TpOSRA3wjXAlIWMhum2kRcv/41Sn2emQ0dycQW4uZXLejwKvg6EsvbdlVL+FYEct7A==
